{"contracts/CacheGold.sol":{"l":{"154":3,"155":3,"156":3,"157":3,"158":3,"159":3,"160":3,"161":3,"162":3,"163":3,"164":3,"171":0,"172":0,"182":1,"186":1,"187":0,"190":1,"191":1,"204":3,"205":3,"206":3,"225":3,"226":3,"227":3,"228":3,"245":0,"246":0,"251":0,"268":0,"269":0,"274":0,"288":1,"292":1,"296":1,"303":1,"304":0,"306":1,"309":0,"313":1,"315":1,"316":1,"328":0,"329":0,"330":0,"338":0,"342":0,"361":0,"362":0,"368":0,"372":0,"376":0,"380":0,"381":0,"398":0,"399":0,"400":0,"401":0,"414":0,"415":0,"419":0,"420":0,"421":0,"434":0,"435":0,"439":0,"440":0,"441":0,"454":0,"455":0,"459":0,"460":0,"461":0,"474":0,"475":0,"479":0,"483":0,"487":0,"488":0,"489":0,"502":0,"503":0,"504":0,"517":0,"526":0,"535":0,"543":0,"544":0,"552":0,"556":0,"567":8,"578":2,"588":0,"602":1,"609":0,"616":0,"623":0,"630":0,"637":0,"644":0,"652":0,"659":0,"668":15,"669":15,"678":16,"687":12,"696":0,"706":41,"715":1,"728":10,"729":0,"731":10,"741":29,"742":1,"744":28,"753":8,"764":16,"765":16,"768":6,"771":10,"772":10,"773":10,"776":10,"777":0,"778":0,"780":0,"784":10,"785":10,"792":0,"797":0,"803":0,"812":8,"813":8,"816":8,"817":0,"827":0,"828":0,"836":8,"840":8,"843":8,"846":8,"847":0,"851":8,"852":1,"855":7,"858":7,"863":7,"868":7,"869":0,"872":7,"880":4,"881":1,"884":3,"892":0,"897":0,"898":0,"900":0,"908":6,"909":6,"910":6,"911":6,"931":4,"932":4,"933":4,"934":4,"935":4,"938":4,"940":4,"941":4,"942":4,"943":4,"944":4,"949":0,"950":0,"954":4,"957":4,"958":3,"959":3,"960":0,"961":0,"967":4,"970":3,"971":3,"972":3,"976":4,"977":0,"978":0,"979":0,"981":4,"983":4,"984":0,"989":1,"993":1,"998":1,"999":1,"1000":1,"1001":1,"1005":0,"1006":0,"1007":0,"1011":0,"1012":0,"1013":0,"1014":0,"1015":0,"1016":0,"1020":16,"1028":0,"1030":16,"1035":0,"1036":0,"1040":0,"1043":0,"1044":0,"1045":0,"1053":0,"1054":0,"1055":0,"1056":0,"1057":0,"1060":0,"1061":0,"1062":0,"1067":7,"1069":0,"1073":7,"1074":0,"1075":0,"1076":0,"1081":7,"1085":0,"1086":0,"1095":0,"1098":0,"1099":0,"1101":0,"1110":0,"1111":0,"1117":0,"1118":0,"1120":0},"path":"/home/wizgot/projects/synthetic-cgt/hardhat/contracts/CacheGold.sol","s":{"1":3,"2":3,"3":3,"4":3,"5":3,"6":3,"7":3,"8":3,"9":3,"10":3,"11":3,"12":0,"13":1,"14":1,"15":0,"16":1,"17":1,"18":3,"19":3,"20":3,"21":3,"22":3,"23":3,"24":3,"25":0,"26":0,"27":0,"28":0,"29":0,"30":0,"31":1,"32":1,"33":1,"34":1,"35":0,"36":1,"37":0,"38":1,"39":1,"40":1,"41":0,"42":0,"43":0,"44":0,"45":0,"46":0,"47":0,"48":0,"49":0,"50":0,"51":0,"52":0,"53":0,"54":0,"55":0,"56":0,"57":0,"58":0,"59":0,"60":0,"61":0,"62":0,"63":0,"64":0,"65":0,"66":0,"67":0,"68":0,"69":0,"70":0,"71":0,"72":0,"73":0,"74":0,"75":0,"76":0,"77":0,"78":0,"79":0,"80":0,"81":0,"82":0,"83":0,"84":0,"85":0,"86":0,"87":0,"88":0,"89":8,"90":2,"91":0,"92":1,"93":0,"94":0,"95":0,"96":0,"97":0,"98":0,"99":0,"100":0,"101":15,"102":15,"103":16,"104":12,"105":0,"106":41,"107":1,"108":10,"109":0,"110":10,"111":29,"112":1,"113":28,"114":8,"115":16,"116":16,"117":6,"118":10,"119":10,"120":10,"121":10,"122":0,"123":0,"124":0,"125":10,"126":10,"127":0,"128":0,"129":0,"130":8,"131":8,"132":8,"133":0,"134":8,"135":0,"136":0,"137":8,"138":8,"139":8,"140":8,"141":0,"142":8,"143":1,"144":7,"145":7,"146":7,"147":7,"148":0,"149":7,"150":4,"151":1,"152":3,"153":0,"154":0,"155":0,"156":0,"157":6,"158":6,"159":6,"160":6,"161":4,"162":4,"163":4,"164":4,"165":4,"166":4,"167":4,"168":4,"169":4,"170":4,"171":4,"172":0,"173":0,"174":4,"175":4,"176":3,"177":3,"178":0,"179":0,"180":4,"181":3,"182":3,"183":3,"184":4,"185":0,"186":0,"187":0,"188":4,"189":4,"190":4,"191":0,"192":1,"193":1,"194":1,"195":1,"196":1,"197":1,"198":0,"199":0,"200":0,"201":0,"202":0,"203":0,"204":0,"205":0,"206":0,"207":16,"208":0,"209":16,"210":0,"211":0,"212":0,"213":0,"214":0,"215":0,"216":0,"217":0,"218":0,"219":0,"220":0,"221":0,"222":0,"223":0,"224":7,"225":0,"226":7,"227":0,"228":0,"229":0,"230":7,"231":0,"232":0,"233":0,"234":0,"235":0,"236":0,"237":0,"238":0,"239":0,"240":0,"241":0},"b":{"1":[0,0],"2":[0,1],"3":[1,0],"4":[0,1],"5":[0,1],"6":[0,0],"7":[0,0],"8":[0,0],"9":[0,0],"10":[0,0],"11":[0,0],"12":[0,0],"13":[0,0],"14":[0,0],"15":[0,0],"16":[0,0],"17":[0,0],"18":[0,0],"19":[0,0],"20":[0,0],"21":[0,0],"22":[0,0],"23":[0,0],"24":[0,0],"25":[0,10],"26":[1,28],"27":[6,10],"28":[0,10],"29":[0,0],"30":[10,0],"31":[0,0],"32":[0,8],"33":[0,8],"34":[8,0],"35":[0,8],"36":[1,7],"37":[0,7],"38":[1,3],"39":[0,0],"40":[6,0],"41":[6,0],"42":[4,0],"43":[3,1],"44":[0,3],"45":[3,1],"46":[0,4],"47":[4,0],"48":[0,4],"49":[1,0],"50":[1,0],"51":[0,0],"52":[0,16],"53":[0,0],"54":[0,7],"55":[0,7],"56":[0,0],"57":[0,0],"58":[0,0]},"f":{"1":3,"2":0,"3":1,"4":3,"5":3,"6":0,"7":0,"8":1,"9":0,"10":0,"11":0,"12":0,"13":0,"14":0,"15":0,"16":0,"17":0,"18":0,"19":0,"20":0,"21":0,"22":0,"23":8,"24":2,"25":0,"26":1,"27":0,"28":0,"29":0,"30":0,"31":0,"32":0,"33":0,"34":0,"35":15,"36":16,"37":12,"38":0,"39":41,"40":1,"41":10,"42":29,"43":8,"44":16,"45":8,"46":8,"47":4,"48":0,"49":6,"50":4,"51":1,"52":0,"53":16,"54":0,"55":7,"56":0,"57":0,"58":0},"fnMap":{"1":{"name":"constructor","line":147,"loc":{"start":{"line":147,"column":4},"end":{"line":165,"column":4}}},"2":{"name":"onlyEnforcer","line":170,"loc":{"start":{"line":170,"column":4},"end":{"line":173,"column":4}}},"3":{"name":"transfer","line":180,"loc":{"start":{"line":180,"column":4},"end":{"line":192,"column":4}}},"4":{"name":"approve","line":203,"loc":{"start":{"line":203,"column":4},"end":{"line":207,"column":4}}},"5":{"name":"transferFrom","line":220,"loc":{"start":{"line":220,"column":4},"end":{"line":229,"column":4}}},"6":{"name":"increaseAllowance","line":241,"loc":{"start":{"line":241,"column":4},"end":{"line":252,"column":4}}},"7":{"name":"decreaseAllowance","line":264,"loc":{"start":{"line":264,"column":4},"end":{"line":275,"column":4}}},"8":{"name":"addBackedTokens","line":287,"loc":{"start":{"line":287,"column":4},"end":{"line":317,"column":4}}},"9":{"name":"payStorageFee","line":327,"loc":{"start":{"line":327,"column":4},"end":{"line":331,"column":4}}},"10":{"name":"setAccountInactive","line":335,"loc":{"start":{"line":333,"column":4},"end":{"line":343,"column":4}}},"11":{"name":"forcePayFees","line":358,"loc":{"start":{"line":356,"column":4},"end":{"line":386,"column":4}}},"12":{"name":"setFeeEnforcer","line":395,"loc":{"start":{"line":393,"column":4},"end":{"line":402,"column":4}}},"13":{"name":"setFeeAddress","line":411,"loc":{"start":{"line":409,"column":4},"end":{"line":422,"column":4}}},"14":{"name":"setRedeemAddress","line":431,"loc":{"start":{"line":429,"column":4},"end":{"line":442,"column":4}}},"15":{"name":"setBackedAddress","line":451,"loc":{"start":{"line":449,"column":4},"end":{"line":462,"column":4}}},"16":{"name":"setUnbackedAddress","line":471,"loc":{"start":{"line":469,"column":4},"end":{"line":490,"column":4}}},"17":{"name":"setOracleAddress","line":499,"loc":{"start":{"line":497,"column":4},"end":{"line":505,"column":4}}},"18":{"name":"setStorageFeeGracePeriodDays","line":515,"loc":{"start":{"line":513,"column":4},"end":{"line":518,"column":4}}},"19":{"name":"setTransferFeeExempt","line":525,"loc":{"start":{"line":525,"column":4},"end":{"line":527,"column":4}}},"20":{"name":"setStorageFeeExempt","line":534,"loc":{"start":{"line":534,"column":4},"end":{"line":536,"column":4}}},"21":{"name":"unsetFeeExempt","line":542,"loc":{"start":{"line":542,"column":4},"end":{"line":545,"column":4}}},"22":{"name":"setTransferFeeBasisPoints","line":551,"loc":{"start":{"line":551,"column":4},"end":{"line":557,"column":4}}},"23":{"name":"balanceOf","line":566,"loc":{"start":{"line":566,"column":4},"end":{"line":568,"column":4}}},"24":{"name":"balanceOfNoFees","line":577,"loc":{"start":{"line":577,"column":4},"end":{"line":579,"column":4}}},"25":{"name":"totalSupply","line":587,"loc":{"start":{"line":587,"column":4},"end":{"line":589,"column":4}}},"26":{"name":"allowance","line":597,"loc":{"start":{"line":597,"column":4},"end":{"line":603,"column":4}}},"27":{"name":"feeEnforcer","line":608,"loc":{"start":{"line":608,"column":4},"end":{"line":610,"column":4}}},"28":{"name":"feeAddress","line":615,"loc":{"start":{"line":615,"column":4},"end":{"line":617,"column":4}}},"29":{"name":"redeemAddress","line":622,"loc":{"start":{"line":622,"column":4},"end":{"line":624,"column":4}}},"30":{"name":"backedTreasury","line":629,"loc":{"start":{"line":629,"column":4},"end":{"line":631,"column":4}}},"31":{"name":"unbackedTreasury","line":636,"loc":{"start":{"line":636,"column":4},"end":{"line":638,"column":4}}},"32":{"name":"oracleAddress","line":643,"loc":{"start":{"line":643,"column":4},"end":{"line":645,"column":4}}},"33":{"name":"storageFeeGracePeriodDays","line":651,"loc":{"start":{"line":651,"column":4},"end":{"line":653,"column":4}}},"34":{"name":"transferFeeBasisPoints","line":658,"loc":{"start":{"line":658,"column":4},"end":{"line":660,"column":4}}},"35":{"name":"setFeeExempt","line":667,"loc":{"start":{"line":667,"column":4},"end":{"line":670,"column":4}}},"36":{"name":"isStorageFeeExempt","line":677,"loc":{"start":{"line":677,"column":4},"end":{"line":679,"column":4}}},"37":{"name":"isTransferFeeExempt","line":686,"loc":{"start":{"line":686,"column":4},"end":{"line":688,"column":4}}},"38":{"name":"isAllFeeExempt","line":695,"loc":{"start":{"line":695,"column":4},"end":{"line":697,"column":4}}},"39":{"name":"isInactive","line":705,"loc":{"start":{"line":705,"column":4},"end":{"line":707,"column":4}}},"40":{"name":"totalCirculation","line":714,"loc":{"start":{"line":714,"column":4},"end":{"line":716,"column":4}}},"41":{"name":"daysSincePaidStorageFee","line":723,"loc":{"start":{"line":723,"column":4},"end":{"line":732,"column":4}}},"42":{"name":"daysSinceActivity","line":740,"loc":{"start":{"line":740,"column":4},"end":{"line":745,"column":4}}},"43":{"name":"calcOwedFees","line":752,"loc":{"start":{"line":752,"column":4},"end":{"line":754,"column":4}}},"44":{"name":"calcStorageFee","line":761,"loc":{"start":{"line":761,"column":4},"end":{"line":804,"column":4}}},"45":{"name":"calcInactiveFee","line":811,"loc":{"start":{"line":811,"column":4},"end":{"line":837,"column":4}}},"46":{"name":"calcSendAllBalance","line":839,"loc":{"start":{"line":839,"column":4},"end":{"line":873,"column":4}}},"47":{"name":"calcTransferFee","line":875,"loc":{"start":{"line":875,"column":4},"end":{"line":885,"column":4}}},"48":{"name":"storageFee","line":887,"loc":{"start":{"line":887,"column":4},"end":{"line":901,"column":4}}},"49":{"name":"_approve","line":903,"loc":{"start":{"line":903,"column":4},"end":{"line":912,"column":4}}},"50":{"name":"_transfer","line":923,"loc":{"start":{"line":923,"column":4},"end":{"line":986,"column":4}}},"51":{"name":"_mint","line":988,"loc":{"start":{"line":988,"column":4},"end":{"line":1002,"column":4}}},"52":{"name":"_payStorageFee","line":1004,"loc":{"start":{"line":1004,"column":4},"end":{"line":1017,"column":4}}},"53":{"name":"_shouldMarkInactive","line":1019,"loc":{"start":{"line":1019,"column":4},"end":{"line":1031,"column":4}}},"54":{"name":"_setInactive","line":1033,"loc":{"start":{"line":1033,"column":4},"end":{"line":1064,"column":4}}},"55":{"name":"_updateActivity","line":1066,"loc":{"start":{"line":1066,"column":4},"end":{"line":1082,"column":4}}},"56":{"name":"_endGracePeriod","line":1084,"loc":{"start":{"line":1084,"column":4},"end":{"line":1088,"column":4}}},"57":{"name":"_calcInactiveFeePerYear","line":1090,"loc":{"start":{"line":1090,"column":4},"end":{"line":1102,"column":4}}},"58":{"name":"_calcInactiveFee","line":1104,"loc":{"start":{"line":1104,"column":4},"end":{"line":1121,"column":4}}}},"statementMap":{"1":{"start":{"line":154,"column":8},"end":{"line":154,"column":43}},"2":{"start":{"line":155,"column":8},"end":{"line":155,"column":39}},"3":{"start":{"line":156,"column":8},"end":{"line":156,"column":31}},"4":{"start":{"line":157,"column":8},"end":{"line":157,"column":37}},"5":{"start":{"line":158,"column":8},"end":{"line":158,"column":29}},"6":{"start":{"line":159,"column":8},"end":{"line":159,"column":23}},"7":{"start":{"line":160,"column":8},"end":{"line":160,"column":32}},"8":{"start":{"line":161,"column":8},"end":{"line":161,"column":35}},"9":{"start":{"line":162,"column":8},"end":{"line":162,"column":36}},"10":{"start":{"line":163,"column":8},"end":{"line":163,"column":38}},"11":{"start":{"line":164,"column":8},"end":{"line":164,"column":28}},"12":{"start":{"line":171,"column":8},"end":{"line":171,"column":42}},"13":{"start":{"line":182,"column":8},"end":{"line":182,"column":34}},"14":{"start":{"line":186,"column":8},"end":{"line":186,"column":7104}},"15":{"start":{"line":187,"column":12},"end":{"line":187,"column":27}},"16":{"start":{"line":190,"column":8},"end":{"line":190,"column":39}},"17":{"start":{"line":191,"column":8},"end":{"line":191,"column":19}},"18":{"start":{"line":204,"column":8},"end":{"line":204,"column":34}},"19":{"start":{"line":205,"column":8},"end":{"line":205,"column":43}},"20":{"start":{"line":206,"column":8},"end":{"line":206,"column":19}},"21":{"start":{"line":225,"column":8},"end":{"line":225,"column":34}},"22":{"start":{"line":226,"column":8},"end":{"line":226,"column":33}},"23":{"start":{"line":227,"column":8},"end":{"line":227,"column":75}},"24":{"start":{"line":228,"column":8},"end":{"line":228,"column":19}},"25":{"start":{"line":245,"column":8},"end":{"line":245,"column":34}},"26":{"start":{"line":246,"column":8},"end":{"line":246,"column":9726}},"27":{"start":{"line":251,"column":8},"end":{"line":251,"column":19}},"28":{"start":{"line":268,"column":8},"end":{"line":268,"column":34}},"29":{"start":{"line":269,"column":8},"end":{"line":269,"column":10547}},"30":{"start":{"line":274,"column":8},"end":{"line":274,"column":19}},"31":{"start":{"line":288,"column":8},"end":{"line":288,"column":62}},"32":{"start":{"line":292,"column":8},"end":{"line":292,"column":68}},"33":{"start":{"line":296,"column":8},"end":{"line":296,"column":11685}},"34":{"start":{"line":303,"column":8},"end":{"line":303,"column":11961}},"35":{"start":{"line":304,"column":12},"end":{"line":304,"column":63}},"36":{"start":{"line":306,"column":12},"end":{"line":306,"column":12092}},"37":{"start":{"line":309,"column":16},"end":{"line":309,"column":77}},"38":{"start":{"line":313,"column":12},"end":{"line":313,"column":44}},"39":{"start":{"line":315,"column":8},"end":{"line":315,"column":33}},"40":{"start":{"line":316,"column":8},"end":{"line":316,"column":19}},"41":{"start":{"line":328,"column":8},"end":{"line":328,"column":34}},"42":{"start":{"line":329,"column":8},"end":{"line":329,"column":33}},"43":{"start":{"line":330,"column":8},"end":{"line":330,"column":19}},"44":{"start":{"line":338,"column":8},"end":{"line":338,"column":13203}},"45":{"start":{"line":342,"column":8},"end":{"line":342,"column":28}},"46":{"start":{"line":361,"column":8},"end":{"line":361,"column":37}},"47":{"start":{"line":362,"column":8},"end":{"line":362,"column":14021}},"48":{"start":{"line":368,"column":8},"end":{"line":368,"column":14202}},"49":{"start":{"line":372,"column":12},"end":{"line":372,"column":32}},"50":{"start":{"line":376,"column":12},"end":{"line":376,"column":14649}},"51":{"start":{"line":380,"column":12},"end":{"line":380,"column":50}},"52":{"start":{"line":381,"column":12},"end":{"line":381,"column":14871}},"53":{"start":{"line":398,"column":8},"end":{"line":398,"column":38}},"54":{"start":{"line":399,"column":8},"end":{"line":399,"column":30}},"55":{"start":{"line":400,"column":8},"end":{"line":400,"column":33}},"56":{"start":{"line":401,"column":8},"end":{"line":401,"column":19}},"57":{"start":{"line":414,"column":8},"end":{"line":414,"column":43}},"58":{"start":{"line":415,"column":8},"end":{"line":415,"column":15845}},"59":{"start":{"line":419,"column":8},"end":{"line":419,"column":34}},"60":{"start":{"line":420,"column":8},"end":{"line":420,"column":32}},"61":{"start":{"line":421,"column":8},"end":{"line":421,"column":19}},"62":{"start":{"line":434,"column":8},"end":{"line":434,"column":46}},"63":{"start":{"line":435,"column":8},"end":{"line":435,"column":16493}},"64":{"start":{"line":439,"column":8},"end":{"line":439,"column":40}},"65":{"start":{"line":440,"column":8},"end":{"line":440,"column":35}},"66":{"start":{"line":441,"column":8},"end":{"line":441,"column":19}},"67":{"start":{"line":454,"column":8},"end":{"line":454,"column":46}},"68":{"start":{"line":455,"column":8},"end":{"line":455,"column":17109}},"69":{"start":{"line":459,"column":8},"end":{"line":459,"column":41}},"70":{"start":{"line":460,"column":8},"end":{"line":460,"column":36}},"71":{"start":{"line":461,"column":8},"end":{"line":461,"column":19}},"72":{"start":{"line":474,"column":8},"end":{"line":474,"column":48}},"73":{"start":{"line":475,"column":8},"end":{"line":475,"column":17741}},"74":{"start":{"line":479,"column":8},"end":{"line":479,"column":17882}},"75":{"start":{"line":483,"column":8},"end":{"line":483,"column":18016}},"76":{"start":{"line":487,"column":8},"end":{"line":487,"column":45}},"77":{"start":{"line":488,"column":8},"end":{"line":488,"column":38}},"78":{"start":{"line":489,"column":8},"end":{"line":489,"column":19}},"79":{"start":{"line":502,"column":8},"end":{"line":502,"column":43}},"80":{"start":{"line":503,"column":8},"end":{"line":503,"column":30}},"81":{"start":{"line":504,"column":8},"end":{"line":504,"column":19}},"82":{"start":{"line":517,"column":8},"end":{"line":517,"column":51}},"83":{"start":{"line":526,"column":8},"end":{"line":526,"column":41}},"84":{"start":{"line":535,"column":8},"end":{"line":535,"column":40}},"85":{"start":{"line":543,"column":8},"end":{"line":543,"column":42}},"86":{"start":{"line":544,"column":8},"end":{"line":544,"column":41}},"87":{"start":{"line":552,"column":8},"end":{"line":552,"column":20437}},"88":{"start":{"line":556,"column":8},"end":{"line":556,"column":36}},"89":{"start":{"line":567,"column":8},"end":{"line":567,"column":40}},"90":{"start":{"line":578,"column":8},"end":{"line":578,"column":31}},"91":{"start":{"line":588,"column":8},"end":{"line":588,"column":27}},"92":{"start":{"line":602,"column":8},"end":{"line":602,"column":42}},"93":{"start":{"line":609,"column":8},"end":{"line":609,"column":27}},"94":{"start":{"line":616,"column":8},"end":{"line":616,"column":26}},"95":{"start":{"line":623,"column":8},"end":{"line":623,"column":29}},"96":{"start":{"line":630,"column":8},"end":{"line":630,"column":30}},"97":{"start":{"line":637,"column":8},"end":{"line":637,"column":32}},"98":{"start":{"line":644,"column":8},"end":{"line":644,"column":22}},"99":{"start":{"line":652,"column":8},"end":{"line":652,"column":41}},"100":{"start":{"line":659,"column":8},"end":{"line":659,"column":38}},"101":{"start":{"line":668,"column":8},"end":{"line":668,"column":41}},"102":{"start":{"line":669,"column":8},"end":{"line":669,"column":40}},"103":{"start":{"line":678,"column":8},"end":{"line":678,"column":41}},"104":{"start":{"line":687,"column":8},"end":{"line":687,"column":42}},"105":{"start":{"line":696,"column":8},"end":{"line":696,"column":72}},"106":{"start":{"line":706,"column":8},"end":{"line":706,"column":47}},"107":{"start":{"line":715,"column":8},"end":{"line":715,"column":61}},"108":{"start":{"line":728,"column":8},"end":{"line":728,"column":26404}},"109":{"start":{"line":729,"column":12},"end":{"line":729,"column":20}},"110":{"start":{"line":731,"column":8},"end":{"line":731,"column":73}},"111":{"start":{"line":741,"column":8},"end":{"line":741,"column":26941}},"112":{"start":{"line":742,"column":12},"end":{"line":742,"column":20}},"113":{"start":{"line":744,"column":8},"end":{"line":744,"column":71}},"114":{"start":{"line":753,"column":8},"end":{"line":753,"column":68}},"115":{"start":{"line":764,"column":8},"end":{"line":764,"column":44}},"116":{"start":{"line":765,"column":8},"end":{"line":765,"column":27905}},"117":{"start":{"line":768,"column":12},"end":{"line":768,"column":20}},"118":{"start":{"line":771,"column":8},"end":{"line":771,"column":71}},"119":{"start":{"line":772,"column":8},"end":{"line":772,"column":57}},"120":{"start":{"line":773,"column":8},"end":{"line":773,"column":61}},"121":{"start":{"line":776,"column":8},"end":{"line":776,"column":28324}},"122":{"start":{"line":777,"column":12},"end":{"line":777,"column":28363}},"123":{"start":{"line":778,"column":16},"end":{"line":778,"column":75}},"124":{"start":{"line":780,"column":16},"end":{"line":780,"column":39}},"125":{"start":{"line":784,"column":8},"end":{"line":784,"column":28575}},"126":{"start":{"line":785,"column":12},"end":{"line":785,"column":20}},"127":{"start":{"line":792,"column":8},"end":{"line":792,"column":28951}},"128":{"start":{"line":797,"column":12},"end":{"line":797,"column":29431}},"129":{"start":{"line":803,"column":8},"end":{"line":803,"column":56}},"130":{"start":{"line":812,"column":8},"end":{"line":812,"column":44}},"131":{"start":{"line":813,"column":8},"end":{"line":813,"column":57}},"132":{"start":{"line":816,"column":8},"end":{"line":816,"column":30154}},"133":{"start":{"line":817,"column":12},"end":{"line":817,"column":30202}},"134":{"start":{"line":824,"column":15},"end":{"line":824,"column":30427}},"135":{"start":{"line":827,"column":12},"end":{"line":827,"column":74}},"136":{"start":{"line":828,"column":12},"end":{"line":828,"column":30748}},"137":{"start":{"line":836,"column":8},"end":{"line":836,"column":16}},"138":{"start":{"line":840,"column":8},"end":{"line":840,"column":37}},"139":{"start":{"line":843,"column":8},"end":{"line":843,"column":31314}},"140":{"start":{"line":846,"column":8},"end":{"line":846,"column":31420}},"141":{"start":{"line":847,"column":12},"end":{"line":847,"column":38}},"142":{"start":{"line":851,"column":8},"end":{"line":851,"column":31629}},"143":{"start":{"line":852,"column":12},"end":{"line":852,"column":20}},"144":{"start":{"line":855,"column":8},"end":{"line":855,"column":31703}},"145":{"start":{"line":858,"column":8},"end":{"line":858,"column":31816}},"146":{"start":{"line":863,"column":8},"end":{"line":863,"column":31971}},"147":{"start":{"line":868,"column":8},"end":{"line":868,"column":32135}},"148":{"start":{"line":869,"column":12},"end":{"line":869,"column":39}},"149":{"start":{"line":872,"column":8},"end":{"line":872,"column":28}},"150":{"start":{"line":880,"column":8},"end":{"line":880,"column":32410}},"151":{"start":{"line":881,"column":12},"end":{"line":881,"column":20}},"152":{"start":{"line":884,"column":8},"end":{"line":884,"column":78}},"153":{"start":{"line":892,"column":8},"end":{"line":892,"column":32738}},"154":{"start":{"line":897,"column":8},"end":{"line":897,"column":32864}},"155":{"start":{"line":898,"column":12},"end":{"line":898,"column":26}},"156":{"start":{"line":900,"column":8},"end":{"line":900,"column":18}},"157":{"start":{"line":908,"column":8},"end":{"line":908,"column":37}},"158":{"start":{"line":909,"column":8},"end":{"line":909,"column":35}},"159":{"start":{"line":910,"column":8},"end":{"line":910,"column":42}},"160":{"start":{"line":911,"column":8},"end":{"line":911,"column":44}},"161":{"start":{"line":931,"column":8},"end":{"line":931,"column":53}},"162":{"start":{"line":932,"column":8},"end":{"line":932,"column":32}},"163":{"start":{"line":933,"column":8},"end":{"line":933,"column":43}},"164":{"start":{"line":934,"column":8},"end":{"line":934,"column":51}},"165":{"start":{"line":935,"column":8},"end":{"line":935,"column":47}},"166":{"start":{"line":938,"column":8},"end":{"line":938,"column":34310}},"167":{"start":{"line":940,"column":12},"end":{"line":940,"column":68}},"168":{"start":{"line":941,"column":12},"end":{"line":941,"column":44}},"169":{"start":{"line":942,"column":12},"end":{"line":942,"column":73}},"170":{"start":{"line":943,"column":12},"end":{"line":943,"column":71}},"171":{"start":{"line":944,"column":12},"end":{"line":944,"column":34697}},"172":{"start":{"line":949,"column":12},"end":{"line":949,"column":66}},"173":{"start":{"line":950,"column":12},"end":{"line":950,"column":78}},"174":{"start":{"line":954,"column":8},"end":{"line":954,"column":38}},"175":{"start":{"line":957,"column":8},"end":{"line":957,"column":35154}},"176":{"start":{"line":958,"column":12},"end":{"line":958,"column":56}},"177":{"start":{"line":959,"column":12},"end":{"line":959,"column":35250}},"178":{"start":{"line":960,"column":16},"end":{"line":960,"column":58}},"179":{"start":{"line":961,"column":16},"end":{"line":961,"column":36}},"180":{"start":{"line":967,"column":8},"end":{"line":967,"column":35534}},"181":{"start":{"line":970,"column":12},"end":{"line":970,"column":66}},"182":{"start":{"line":971,"column":12},"end":{"line":971,"column":50}},"183":{"start":{"line":972,"column":12},"end":{"line":972,"column":52}},"184":{"start":{"line":976,"column":8},"end":{"line":976,"column":35956}},"185":{"start":{"line":977,"column":12},"end":{"line":977,"column":56}},"186":{"start":{"line":978,"column":12},"end":{"line":978,"column":52}},"187":{"start":{"line":979,"column":12},"end":{"line":979,"column":30}},"188":{"start":{"line":980,"column":15},"end":{"line":980,"column":36141}},"189":{"start":{"line":981,"column":12},"end":{"line":981,"column":52}},"190":{"start":{"line":983,"column":8},"end":{"line":983,"column":36260}},"191":{"start":{"line":984,"column":12},"end":{"line":984,"column":34}},"192":{"start":{"line":989,"column":8},"end":{"line":989,"column":36412}},"193":{"start":{"line":993,"column":8},"end":{"line":993,"column":36534}},"194":{"start":{"line":998,"column":8},"end":{"line":998,"column":45}},"195":{"start":{"line":999,"column":8},"end":{"line":999,"column":73}},"196":{"start":{"line":1000,"column":8},"end":{"line":1000,"column":57}},"197":{"start":{"line":1001,"column":8},"end":{"line":1001,"column":19}},"198":{"start":{"line":1005,"column":8},"end":{"line":1005,"column":50}},"199":{"start":{"line":1006,"column":8},"end":{"line":1006,"column":37000}},"200":{"start":{"line":1007,"column":12},"end":{"line":1007,"column":20}},"201":{"start":{"line":1011,"column":8},"end":{"line":1011,"column":60}},"202":{"start":{"line":1012,"column":8},"end":{"line":1012,"column":68}},"203":{"start":{"line":1013,"column":8},"end":{"line":1013,"column":53}},"204":{"start":{"line":1014,"column":8},"end":{"line":1014,"column":53}},"205":{"start":{"line":1015,"column":8},"end":{"line":1015,"column":31}},"206":{"start":{"line":1016,"column":8},"end":{"line":1016,"column":23}},"207":{"start":{"line":1020,"column":8},"end":{"line":1020,"column":37511}},"208":{"start":{"line":1028,"column":12},"end":{"line":1028,"column":23}},"209":{"start":{"line":1030,"column":8},"end":{"line":1030,"column":20}},"210":{"start":{"line":1035,"column":8},"end":{"line":1035,"column":50}},"211":{"start":{"line":1036,"column":8},"end":{"line":1036,"column":66}},"212":{"start":{"line":1040,"column":8},"end":{"line":1040,"column":34}},"213":{"start":{"line":1043,"column":8},"end":{"line":1043,"column":78}},"214":{"start":{"line":1044,"column":8},"end":{"line":1044,"column":67}},"215":{"start":{"line":1045,"column":8},"end":{"line":1045,"column":38486}},"216":{"start":{"line":1053,"column":8},"end":{"line":1053,"column":49}},"217":{"start":{"line":1054,"column":8},"end":{"line":1054,"column":56}},"218":{"start":{"line":1055,"column":8},"end":{"line":1055,"column":64}},"219":{"start":{"line":1056,"column":8},"end":{"line":1056,"column":78}},"220":{"start":{"line":1057,"column":8},"end":{"line":1057,"column":49}},"221":{"start":{"line":1060,"column":8},"end":{"line":1060,"column":39086}},"222":{"start":{"line":1061,"column":12},"end":{"line":1061,"column":57}},"223":{"start":{"line":1062,"column":12},"end":{"line":1062,"column":35}},"224":{"start":{"line":1067,"column":8},"end":{"line":1067,"column":39286}},"225":{"start":{"line":1069,"column":12},"end":{"line":1069,"column":32}},"226":{"start":{"line":1073,"column":8},"end":{"line":1073,"column":39502}},"227":{"start":{"line":1074,"column":12},"end":{"line":1074,"column":43}},"228":{"start":{"line":1075,"column":12},"end":{"line":1075,"column":57}},"229":{"start":{"line":1076,"column":12},"end":{"line":1076,"column":41}},"230":{"start":{"line":1081,"column":8},"end":{"line":1081,"column":51}},"231":{"start":{"line":1085,"column":8},"end":{"line":1085,"column":39918}},"232":{"start":{"line":1086,"column":12},"end":{"line":1086,"column":46}},"233":{"start":{"line":1095,"column":8},"end":{"line":1095,"column":40160}},"234":{"start":{"line":1098,"column":8},"end":{"line":1098,"column":40276}},"235":{"start":{"line":1099,"column":12},"end":{"line":1099,"column":24}},"236":{"start":{"line":1101,"column":8},"end":{"line":1101,"column":33}},"237":{"start":{"line":1110,"column":8},"end":{"line":1110,"column":67}},"238":{"start":{"line":1111,"column":8},"end":{"line":1111,"column":40668}},"239":{"start":{"line":1117,"column":8},"end":{"line":1117,"column":40813}},"240":{"start":{"line":1118,"column":12},"end":{"line":1118,"column":26}},"241":{"start":{"line":1120,"column":8},"end":{"line":1120,"column":23}}},"branchMap":{"1":{"line":171,"type":"if","locations":[{"start":{"line":171,"column":8},"end":{"line":171,"column":8}},{"start":{"line":171,"column":8},"end":{"line":171,"column":8}}]},"2":{"line":186,"type":"if","locations":[{"start":{"line":186,"column":8},"end":{"line":186,"column":8}},{"start":{"line":186,"column":8},"end":{"line":186,"column":8}}]},"3":{"line":296,"type":"if","locations":[{"start":{"line":296,"column":8},"end":{"line":296,"column":8}},{"start":{"line":296,"column":8},"end":{"line":296,"column":8}}]},"4":{"line":303,"type":"if","locations":[{"start":{"line":303,"column":8},"end":{"line":303,"column":8}},{"start":{"line":303,"column":8},"end":{"line":303,"column":8}}]},"5":{"line":306,"type":"if","locations":[{"start":{"line":306,"column":12},"end":{"line":306,"column":12}},{"start":{"line":306,"column":12},"end":{"line":306,"column":12}}]},"6":{"line":338,"type":"if","locations":[{"start":{"line":338,"column":8},"end":{"line":338,"column":8}},{"start":{"line":338,"column":8},"end":{"line":338,"column":8}}]},"7":{"line":361,"type":"if","locations":[{"start":{"line":361,"column":8},"end":{"line":361,"column":8}},{"start":{"line":361,"column":8},"end":{"line":361,"column":8}}]},"8":{"line":362,"type":"if","locations":[{"start":{"line":362,"column":8},"end":{"line":362,"column":8}},{"start":{"line":362,"column":8},"end":{"line":362,"column":8}}]},"9":{"line":368,"type":"if","locations":[{"start":{"line":368,"column":8},"end":{"line":368,"column":8}},{"start":{"line":368,"column":8},"end":{"line":368,"column":8}}]},"10":{"line":376,"type":"if","locations":[{"start":{"line":376,"column":12},"end":{"line":376,"column":12}},{"start":{"line":376,"column":12},"end":{"line":376,"column":12}}]},"11":{"line":381,"type":"if","locations":[{"start":{"line":381,"column":12},"end":{"line":381,"column":12}},{"start":{"line":381,"column":12},"end":{"line":381,"column":12}}]},"12":{"line":398,"type":"if","locations":[{"start":{"line":398,"column":8},"end":{"line":398,"column":8}},{"start":{"line":398,"column":8},"end":{"line":398,"column":8}}]},"13":{"line":414,"type":"if","locations":[{"start":{"line":414,"column":8},"end":{"line":414,"column":8}},{"start":{"line":414,"column":8},"end":{"line":414,"column":8}}]},"14":{"line":415,"type":"if","locations":[{"start":{"line":415,"column":8},"end":{"line":415,"column":8}},{"start":{"line":415,"column":8},"end":{"line":415,"column":8}}]},"15":{"line":434,"type":"if","locations":[{"start":{"line":434,"column":8},"end":{"line":434,"column":8}},{"start":{"line":434,"column":8},"end":{"line":434,"column":8}}]},"16":{"line":435,"type":"if","locations":[{"start":{"line":435,"column":8},"end":{"line":435,"column":8}},{"start":{"line":435,"column":8},"end":{"line":435,"column":8}}]},"17":{"line":454,"type":"if","locations":[{"start":{"line":454,"column":8},"end":{"line":454,"column":8}},{"start":{"line":454,"column":8},"end":{"line":454,"column":8}}]},"18":{"line":455,"type":"if","locations":[{"start":{"line":455,"column":8},"end":{"line":455,"column":8}},{"start":{"line":455,"column":8},"end":{"line":455,"column":8}}]},"19":{"line":474,"type":"if","locations":[{"start":{"line":474,"column":8},"end":{"line":474,"column":8}},{"start":{"line":474,"column":8},"end":{"line":474,"column":8}}]},"20":{"line":475,"type":"if","locations":[{"start":{"line":475,"column":8},"end":{"line":475,"column":8}},{"start":{"line":475,"column":8},"end":{"line":475,"column":8}}]},"21":{"line":479,"type":"if","locations":[{"start":{"line":479,"column":8},"end":{"line":479,"column":8}},{"start":{"line":479,"column":8},"end":{"line":479,"column":8}}]},"22":{"line":483,"type":"if","locations":[{"start":{"line":483,"column":8},"end":{"line":483,"column":8}},{"start":{"line":483,"column":8},"end":{"line":483,"column":8}}]},"23":{"line":502,"type":"if","locations":[{"start":{"line":502,"column":8},"end":{"line":502,"column":8}},{"start":{"line":502,"column":8},"end":{"line":502,"column":8}}]},"24":{"line":552,"type":"if","locations":[{"start":{"line":552,"column":8},"end":{"line":552,"column":8}},{"start":{"line":552,"column":8},"end":{"line":552,"column":8}}]},"25":{"line":728,"type":"if","locations":[{"start":{"line":728,"column":8},"end":{"line":728,"column":8}},{"start":{"line":728,"column":8},"end":{"line":728,"column":8}}]},"26":{"line":741,"type":"if","locations":[{"start":{"line":741,"column":8},"end":{"line":741,"column":8}},{"start":{"line":741,"column":8},"end":{"line":741,"column":8}}]},"27":{"line":765,"type":"if","locations":[{"start":{"line":765,"column":8},"end":{"line":765,"column":8}},{"start":{"line":765,"column":8},"end":{"line":765,"column":8}}]},"28":{"line":776,"type":"if","locations":[{"start":{"line":776,"column":8},"end":{"line":776,"column":8}},{"start":{"line":776,"column":8},"end":{"line":776,"column":8}}]},"29":{"line":777,"type":"if","locations":[{"start":{"line":777,"column":12},"end":{"line":777,"column":12}},{"start":{"line":777,"column":12},"end":{"line":777,"column":12}}]},"30":{"line":784,"type":"if","locations":[{"start":{"line":784,"column":8},"end":{"line":784,"column":8}},{"start":{"line":784,"column":8},"end":{"line":784,"column":8}}]},"31":{"line":792,"type":"if","locations":[{"start":{"line":792,"column":8},"end":{"line":792,"column":8}},{"start":{"line":792,"column":8},"end":{"line":792,"column":8}}]},"32":{"line":816,"type":"if","locations":[{"start":{"line":816,"column":8},"end":{"line":816,"column":8}},{"start":{"line":816,"column":8},"end":{"line":816,"column":8}}]},"33":{"line":824,"type":"if","locations":[{"start":{"line":824,"column":15},"end":{"line":824,"column":15}},{"start":{"line":824,"column":15},"end":{"line":824,"column":15}}]},"34":{"line":840,"type":"if","locations":[{"start":{"line":840,"column":8},"end":{"line":840,"column":8}},{"start":{"line":840,"column":8},"end":{"line":840,"column":8}}]},"35":{"line":846,"type":"if","locations":[{"start":{"line":846,"column":8},"end":{"line":846,"column":8}},{"start":{"line":846,"column":8},"end":{"line":846,"column":8}}]},"36":{"line":851,"type":"if","locations":[{"start":{"line":851,"column":8},"end":{"line":851,"column":8}},{"start":{"line":851,"column":8},"end":{"line":851,"column":8}}]},"37":{"line":868,"type":"if","locations":[{"start":{"line":868,"column":8},"end":{"line":868,"column":8}},{"start":{"line":868,"column":8},"end":{"line":868,"column":8}}]},"38":{"line":880,"type":"if","locations":[{"start":{"line":880,"column":8},"end":{"line":880,"column":8}},{"start":{"line":880,"column":8},"end":{"line":880,"column":8}}]},"39":{"line":897,"type":"if","locations":[{"start":{"line":897,"column":8},"end":{"line":897,"column":8}},{"start":{"line":897,"column":8},"end":{"line":897,"column":8}}]},"40":{"line":908,"type":"if","locations":[{"start":{"line":908,"column":8},"end":{"line":908,"column":8}},{"start":{"line":908,"column":8},"end":{"line":908,"column":8}}]},"41":{"line":909,"type":"if","locations":[{"start":{"line":909,"column":8},"end":{"line":909,"column":8}},{"start":{"line":909,"column":8},"end":{"line":909,"column":8}}]},"42":{"line":938,"type":"if","locations":[{"start":{"line":938,"column":8},"end":{"line":938,"column":8}},{"start":{"line":938,"column":8},"end":{"line":938,"column":8}}]},"43":{"line":957,"type":"if","locations":[{"start":{"line":957,"column":8},"end":{"line":957,"column":8}},{"start":{"line":957,"column":8},"end":{"line":957,"column":8}}]},"44":{"line":959,"type":"if","locations":[{"start":{"line":959,"column":12},"end":{"line":959,"column":12}},{"start":{"line":959,"column":12},"end":{"line":959,"column":12}}]},"45":{"line":967,"type":"if","locations":[{"start":{"line":967,"column":8},"end":{"line":967,"column":8}},{"start":{"line":967,"column":8},"end":{"line":967,"column":8}}]},"46":{"line":976,"type":"if","locations":[{"start":{"line":976,"column":8},"end":{"line":976,"column":8}},{"start":{"line":976,"column":8},"end":{"line":976,"column":8}}]},"47":{"line":980,"type":"if","locations":[{"start":{"line":980,"column":15},"end":{"line":980,"column":15}},{"start":{"line":980,"column":15},"end":{"line":980,"column":15}}]},"48":{"line":983,"type":"if","locations":[{"start":{"line":983,"column":8},"end":{"line":983,"column":8}},{"start":{"line":983,"column":8},"end":{"line":983,"column":8}}]},"49":{"line":989,"type":"if","locations":[{"start":{"line":989,"column":8},"end":{"line":989,"column":8}},{"start":{"line":989,"column":8},"end":{"line":989,"column":8}}]},"50":{"line":993,"type":"if","locations":[{"start":{"line":993,"column":8},"end":{"line":993,"column":8}},{"start":{"line":993,"column":8},"end":{"line":993,"column":8}}]},"51":{"line":1006,"type":"if","locations":[{"start":{"line":1006,"column":8},"end":{"line":1006,"column":8}},{"start":{"line":1006,"column":8},"end":{"line":1006,"column":8}}]},"52":{"line":1020,"type":"if","locations":[{"start":{"line":1020,"column":8},"end":{"line":1020,"column":8}},{"start":{"line":1020,"column":8},"end":{"line":1020,"column":8}}]},"53":{"line":1060,"type":"if","locations":[{"start":{"line":1060,"column":8},"end":{"line":1060,"column":8}},{"start":{"line":1060,"column":8},"end":{"line":1060,"column":8}}]},"54":{"line":1067,"type":"if","locations":[{"start":{"line":1067,"column":8},"end":{"line":1067,"column":8}},{"start":{"line":1067,"column":8},"end":{"line":1067,"column":8}}]},"55":{"line":1073,"type":"if","locations":[{"start":{"line":1073,"column":8},"end":{"line":1073,"column":8}},{"start":{"line":1073,"column":8},"end":{"line":1073,"column":8}}]},"56":{"line":1085,"type":"if","locations":[{"start":{"line":1085,"column":8},"end":{"line":1085,"column":8}},{"start":{"line":1085,"column":8},"end":{"line":1085,"column":8}}]},"57":{"line":1098,"type":"if","locations":[{"start":{"line":1098,"column":8},"end":{"line":1098,"column":8}},{"start":{"line":1098,"column":8},"end":{"line":1098,"column":8}}]},"58":{"line":1117,"type":"if","locations":[{"start":{"line":1117,"column":8},"end":{"line":1117,"column":8}},{"start":{"line":1117,"column":8},"end":{"line":1117,"column":8}}]}}},"contracts/RootAlchemist.sol":{"l":{"39":2,"40":2,"41":1,"42":1,"52":1,"53":1,"54":1,"57":1,"58":1,"60":1,"61":1,"62":1,"64":1,"65":1,"75":1,"76":1,"78":3,"79":4,"80":4,"81":4,"82":4,"84":0,"85":0,"87":0,"88":0,"89":0,"91":0,"93":0,"97":0,"102":0,"103":0,"104":0},"path":"/home/wizgot/projects/synthetic-cgt/hardhat/contracts/RootAlchemist.sol","s":{"1":2,"2":2,"3":1,"4":1,"5":1,"6":1,"7":1,"8":1,"9":1,"10":1,"11":1,"12":1,"13":1,"14":1,"15":1,"16":3,"17":3,"18":4,"19":4,"20":4,"21":0,"22":0,"23":0,"24":0,"25":0,"26":0,"27":0,"28":0,"29":0,"30":0,"31":0,"32":0},"b":{"1":[1,0],"2":[1,0],"3":[0,0],"4":[0,0]},"f":{"1":2,"2":1,"3":1,"4":0,"5":0},"fnMap":{"1":{"name":"constructor","line":33,"loc":{"start":{"line":33,"column":4},"end":{"line":43,"column":4}}},"2":{"name":"splitCGT","line":49,"loc":{"start":{"line":47,"column":4},"end":{"line":66,"column":4}}},"3":{"name":"mergeCGT","line":72,"loc":{"start":{"line":70,"column":4},"end":{"line":94,"column":4}}},"4":{"name":"max","line":96,"loc":{"start":{"line":96,"column":4},"end":{"line":98,"column":4}}},"5":{"name":"priceFromOracle","line":101,"loc":{"start":{"line":101,"column":4},"end":{"line":105,"column":4}}}},"statementMap":{"1":{"start":{"line":39,"column":8},"end":{"line":39,"column":25}},"2":{"start":{"line":40,"column":8},"end":{"line":40,"column":31}},"3":{"start":{"line":41,"column":8},"end":{"line":41,"column":37}},"4":{"start":{"line":42,"column":8},"end":{"line":42,"column":33}},"5":{"start":{"line":52,"column":8},"end":{"line":52,"column":28}},"6":{"start":{"line":53,"column":8},"end":{"line":53,"column":59}},"7":{"start":{"line":54,"column":8},"end":{"line":54,"column":71}},"8":{"start":{"line":57,"column":8},"end":{"line":57,"column":48}},"9":{"start":{"line":58,"column":8},"end":{"line":58,"column":70}},"10":{"start":{"line":60,"column":8},"end":{"line":60,"column":62}},"11":{"start":{"line":61,"column":8},"end":{"line":61,"column":39}},"12":{"start":{"line":62,"column":8},"end":{"line":62,"column":53}},"13":{"start":{"line":64,"column":8},"end":{"line":64,"column":45}},"14":{"start":{"line":65,"column":8},"end":{"line":65,"column":19}},"15":{"start":{"line":75,"column":8},"end":{"line":75,"column":36}},"16":{"start":{"line":76,"column":8},"end":{"line":76,"column":34}},"17":{"start":{"line":78,"column":8},"end":{"line":78,"column":48}},"18":{"start":{"line":79,"column":8},"end":{"line":79,"column":80}},"19":{"start":{"line":80,"column":8},"end":{"line":80,"column":57}},"20":{"start":{"line":81,"column":8},"end":{"line":81,"column":63}},"21":{"start":{"line":82,"column":8},"end":{"line":82,"column":69}},"22":{"start":{"line":84,"column":8},"end":{"line":84,"column":79}},"23":{"start":{"line":85,"column":8},"end":{"line":85,"column":73}},"24":{"start":{"line":87,"column":8},"end":{"line":87,"column":62}},"25":{"start":{"line":88,"column":8},"end":{"line":88,"column":56}},"26":{"start":{"line":89,"column":8},"end":{"line":89,"column":52}},"27":{"start":{"line":91,"column":8},"end":{"line":91,"column":55}},"28":{"start":{"line":93,"column":8},"end":{"line":93,"column":19}},"29":{"start":{"line":97,"column":8},"end":{"line":97,"column":28}},"30":{"start":{"line":102,"column":8},"end":{"line":102,"column":74}},"31":{"start":{"line":103,"column":8},"end":{"line":103,"column":78}},"32":{"start":{"line":104,"column":8},"end":{"line":104,"column":49}}},"branchMap":{"1":{"line":52,"type":"if","locations":[{"start":{"line":52,"column":8},"end":{"line":52,"column":8}},{"start":{"line":52,"column":8},"end":{"line":52,"column":8}}]},"2":{"line":54,"type":"if","locations":[{"start":{"line":54,"column":8},"end":{"line":54,"column":8}},{"start":{"line":54,"column":8},"end":{"line":54,"column":8}}]},"3":{"line":84,"type":"if","locations":[{"start":{"line":84,"column":8},"end":{"line":84,"column":8}},{"start":{"line":84,"column":8},"end":{"line":84,"column":8}}]},"4":{"line":85,"type":"if","locations":[{"start":{"line":85,"column":8},"end":{"line":85,"column":8}},{"start":{"line":85,"column":8},"end":{"line":85,"column":8}}]}}},"contracts/Steady.sol":{"l":{"17":0,"18":0,"22":0,"26":0,"30":0,"34":0,"42":0},"path":"/home/wizgot/projects/synthetic-cgt/hardhat/contracts/Steady.sol","s":{"1":0,"2":0,"3":0,"4":0,"5":0,"6":0},"b":{"1":[0,0]},"f":{"1":0,"2":0,"3":0,"4":0,"5":0,"6":0,"7":0},"fnMap":{"1":{"name":"constructor","line":11,"loc":{"start":{"line":11,"column":4},"end":{"line":11,"column":46}}},"2":{"name":"onlyAlchemist","line":16,"loc":{"start":{"line":16,"column":4},"end":{"line":19,"column":4}}},"3":{"name":"setAlchemist","line":21,"loc":{"start":{"line":21,"column":4},"end":{"line":23,"column":4}}},"4":{"name":"getAlchemist","line":25,"loc":{"start":{"line":25,"column":4},"end":{"line":27,"column":4}}},"5":{"name":"decimals","line":29,"loc":{"start":{"line":29,"column":4},"end":{"line":31,"column":4}}},"6":{"name":"mint","line":33,"loc":{"start":{"line":33,"column":4},"end":{"line":35,"column":4}}},"7":{"name":"_beforeTokenTransfer","line":37,"loc":{"start":{"line":37,"column":4},"end":{"line":43,"column":4}}}},"statementMap":{"1":{"start":{"line":17,"column":8},"end":{"line":17,"column":67}},"2":{"start":{"line":22,"column":8},"end":{"line":22,"column":23}},"3":{"start":{"line":26,"column":8},"end":{"line":26,"column":21}},"4":{"start":{"line":30,"column":8},"end":{"line":30,"column":16}},"5":{"start":{"line":34,"column":8},"end":{"line":34,"column":24}},"6":{"start":{"line":42,"column":8},"end":{"line":42,"column":51}}},"branchMap":{"1":{"line":17,"type":"if","locations":[{"start":{"line":17,"column":8},"end":{"line":17,"column":8}},{"start":{"line":17,"column":8},"end":{"line":17,"column":8}}]}}},"contracts/Unsteady.sol":{"l":{"107":465,"108":8,"109":8,"110":465,"117":465,"118":627,"124":627,"125":627,"129":0,"133":0,"147":0,"151":0,"152":0,"155":0,"156":0,"160":0,"177":27,"178":27,"179":27,"198":27,"199":27,"200":1,"201":1,"219":1,"220":1,"225":1,"243":14,"244":14,"249":14,"263":4,"264":4,"265":1,"266":1,"267":1,"274":24,"275":22,"279":20,"283":20,"284":4,"296":4,"297":4,"298":16,"306":7,"310":9,"311":8,"330":8,"331":17,"337":0,"338":0,"339":0,"344":0,"348":0,"352":0,"353":3,"358":1,"371":1,"372":1,"373":191,"374":191,"387":190,"388":191,"389":28,"390":1117,"403":1,"412":0,"421":0,"429":3,"430":3,"438":1,"442":15,"453":15,"465":1604,"476":898,"491":145,"498":4655,"505":982,"513":1,"520":981,"535":3290,"544":37,"545":3253,"554":465,"563":1760,"572":1760,"582":790,"595":970,"596":970,"598":970,"608":4,"609":2,"611":2,"620":970,"631":117,"632":853,"635":278,"638":575,"639":853,"640":483,"643":483,"644":483,"645":7,"647":51,"651":51,"652":425,"659":389,"664":388,"669":388,"678":7,"679":381,"682":381,"683":183,"693":198,"694":198,"702":0,"713":198,"716":507,"718":218,"719":289,"723":960,"724":960,"730":5,"732":955,"737":955,"741":628,"742":628,"745":628,"758":628,"759":465,"765":465,"780":465,"783":465,"784":465,"786":463,"800":463,"801":463,"803":2,"804":2,"824":465,"825":465,"826":230,"827":230,"828":191,"831":191,"833":39,"834":465,"835":44,"836":44,"837":44,"843":421,"844":465,"848":57,"851":57,"852":57,"853":408,"854":248,"855":22,"861":22,"864":1,"865":21,"866":21,"870":21,"871":21,"872":21,"873":48,"887":44,"897":4,"898":4,"899":4,"903":4,"904":2067,"905":2067,"906":105,"907":1962,"908":1962,"917":54,"924":54,"925":54,"928":54,"929":54,"930":54,"931":54,"932":54,"943":54,"951":54,"953":54,"964":0,"965":1106,"969":38,"972":38,"973":1106,"974":44,"982":44,"983":44,"984":44,"985":44,"986":1106,"989":323,"990":1,"991":1,"1009":39,"1011":39,"1015":39,"1016":38,"1017":38,"1018":38,"1019":38,"1024":1,"1033":1,"1034":38,"1054":105,"1061":66,"1062":66,"1063":39,"1066":160,"1067":160,"1068":160,"1069":10,"1070":10,"1072":150,"1073":0,"1075":0,"1090":0,"1092":0,"1093":0,"1095":0,"1112":0,"1113":0,"1120":0,"1121":0,"1123":0},"path":"/home/wizgot/projects/synthetic-cgt/hardhat/contracts/Unsteady.sol","s":{"1":465,"2":8,"3":457,"4":465,"5":0,"6":627,"7":0,"8":0,"9":0,"10":0,"11":0,"12":0,"13":0,"14":0,"15":27,"16":27,"17":27,"18":27,"19":27,"20":1,"21":1,"22":1,"23":1,"24":1,"25":14,"26":14,"27":14,"28":4,"29":4,"30":1,"31":1,"32":24,"33":24,"34":22,"35":20,"36":4,"37":4,"38":3,"39":16,"40":9,"41":9,"42":8,"43":8,"44":0,"45":0,"46":0,"47":0,"48":0,"49":0,"50":0,"51":3,"52":1,"53":1,"54":1,"55":1,"56":191,"57":191,"58":191,"59":28,"60":28,"61":1117,"62":1,"63":0,"64":0,"65":3,"66":1,"67":39,"68":15,"69":15,"70":1604,"71":898,"72":145,"73":4655,"74":982,"75":1,"76":981,"77":3290,"78":37,"79":3253,"80":465,"81":1760,"82":1760,"83":790,"84":970,"85":970,"86":970,"87":4,"88":2,"89":2,"90":970,"91":117,"92":853,"93":278,"94":853,"95":483,"96":483,"97":483,"98":7,"99":476,"100":51,"101":51,"102":425,"103":389,"104":388,"105":388,"106":7,"107":381,"108":183,"109":198,"110":198,"111":198,"112":198,"113":0,"114":198,"115":507,"116":218,"117":289,"118":960,"119":960,"120":5,"121":955,"122":628,"123":628,"124":628,"125":628,"126":628,"127":465,"128":465,"129":465,"130":465,"131":465,"132":463,"133":463,"134":463,"135":2,"136":2,"137":465,"138":230,"139":230,"140":230,"141":191,"142":191,"143":235,"144":465,"145":44,"146":44,"147":44,"148":465,"149":57,"150":57,"151":57,"152":408,"153":248,"154":160,"155":22,"156":1,"157":21,"158":21,"159":21,"160":21,"161":21,"162":21,"163":48,"164":48,"165":44,"166":4,"167":4,"168":4,"169":4,"170":2067,"171":105,"172":105,"173":1962,"174":54,"175":54,"176":54,"177":54,"178":54,"179":54,"180":54,"181":54,"182":54,"183":54,"184":54,"185":54,"186":1106,"187":1106,"188":38,"189":1068,"190":1106,"191":44,"192":44,"193":44,"194":44,"195":1062,"196":1106,"197":323,"198":1,"199":322,"200":39,"201":39,"202":39,"203":38,"204":38,"205":38,"206":37,"207":1,"208":1,"209":105,"210":105,"211":66,"212":39,"213":39,"214":160,"215":160,"216":160,"217":10,"218":150,"219":0,"220":0,"221":0,"222":0,"223":0,"224":0,"225":0,"226":0,"227":0,"228":0,"229":0,"230":0},"b":{"1":[0,0],"2":[627,0],"3":[0,0],"4":[22,0],"5":[9,-2],"6":[7,1],"7":[0,17],"8":[0,0],"9":[0,0],"10":[0,0],"11":[0,0],"12":[1,2],"13":[1,0],"14":[191,-1],"15":[39,0],"16":[970,970],"17":[2,2],"18":[853,278],"19":[483,51],"20":[7,476],"21":[425,389],"22":[389,388],"23":[183,198],"24":[198,198],"25":[507,-309],"26":[218,289],"27":[960,5],"28":[628,628],"29":[628,465],"30":[465,463],"31":[463,0],"32":[2,461],"33":[191,44],"34":[57,22],"35":[248,22],"36":[1,21],"37":[21,48],"38":[48,44],"39":[4,4],"40":[54,54],"41":[54,54],"42":[323,39],"43":[39,39],"44":[39,37],"45":[38,105],"46":[160,150],"47":[0,0],"48":[0,0]},"f":{"1":465,"2":465,"3":627,"4":0,"5":0,"6":0,"7":0,"8":0,"9":27,"10":1,"11":1,"12":14,"13":24,"14":4,"15":7,"16":8,"17":1,"18":190,"19":1117,"20":1,"21":0,"22":0,"23":1,"24":15,"25":1604,"26":898,"27":145,"28":4655,"29":982,"30":1,"31":981,"32":3290,"33":37,"34":3253,"35":465,"36":1760,"37":790,"38":970,"39":4,"40":966,"41":117,"42":7,"43":0,"44":628,"45":465,"46":463,"47":465,"48":4,"49":54,"50":54,"51":54,"52":39,"53":1,"54":105,"55":0,"56":0},"fnMap":{"1":{"name":"constructor","line":106,"loc":{"start":{"line":106,"column":4},"end":{"line":111,"column":4}}},"2":{"name":"onlyEnforcer","line":116,"loc":{"start":{"line":116,"column":4},"end":{"line":119,"column":4}}},"3":{"name":"onlyAlchemist","line":123,"loc":{"start":{"line":123,"column":4},"end":{"line":126,"column":4}}},"4":{"name":"setAlchemist","line":128,"loc":{"start":{"line":128,"column":4},"end":{"line":130,"column":4}}},"5":{"name":"getAlchemist","line":132,"loc":{"start":{"line":132,"column":4},"end":{"line":134,"column":4}}},"6":{"name":"transfer","line":141,"loc":{"start":{"line":141,"column":4},"end":{"line":157,"column":4}}},"7":{"name":"decimals","line":159,"loc":{"start":{"line":159,"column":4},"end":{"line":161,"column":4}}},"8":{"name":"approve","line":172,"loc":{"start":{"line":172,"column":4},"end":{"line":180,"column":4}}},"9":{"name":"transferFrom","line":193,"loc":{"start":{"line":193,"column":4},"end":{"line":202,"column":4}}},"10":{"name":"increaseAllowance","line":214,"loc":{"start":{"line":214,"column":4},"end":{"line":226,"column":4}}},"11":{"name":"decreaseAllowance","line":238,"loc":{"start":{"line":238,"column":4},"end":{"line":250,"column":4}}},"12":{"name":"mint","line":260,"loc":{"start":{"line":258,"column":4},"end":{"line":268,"column":4}}},"13":{"name":"burnFrom","line":272,"loc":{"start":{"line":270,"column":4},"end":{"line":285,"column":4}}},"14":{"name":"payStorageFee","line":295,"loc":{"start":{"line":295,"column":4},"end":{"line":299,"column":4}}},"15":{"name":"setAccountInactive","line":303,"loc":{"start":{"line":301,"column":4},"end":{"line":312,"column":4}}},"16":{"name":"forcePayFees","line":327,"loc":{"start":{"line":325,"column":4},"end":{"line":359,"column":4}}},"17":{"name":"setFeeEnforcer","line":368,"loc":{"start":{"line":366,"column":4},"end":{"line":375,"column":4}}},"18":{"name":"setFeeAddress","line":384,"loc":{"start":{"line":382,"column":4},"end":{"line":391,"column":4}}},"19":{"name":"setStorageFeeGracePeriodDays","line":401,"loc":{"start":{"line":399,"column":4},"end":{"line":404,"column":4}}},"20":{"name":"setTransferFeeExempt","line":411,"loc":{"start":{"line":411,"column":4},"end":{"line":413,"column":4}}},"21":{"name":"setStorageFeeExempt","line":420,"loc":{"start":{"line":420,"column":4},"end":{"line":422,"column":4}}},"22":{"name":"unsetFeeExempt","line":428,"loc":{"start":{"line":428,"column":4},"end":{"line":431,"column":4}}},"23":{"name":"setTransferFeeBasisPoints","line":437,"loc":{"start":{"line":437,"column":4},"end":{"line":443,"column":4}}},"24":{"name":"balanceOf","line":452,"loc":{"start":{"line":452,"column":4},"end":{"line":454,"column":4}}},"25":{"name":"_afterTokenTransfer","line":460,"loc":{"start":{"line":460,"column":4},"end":{"line":466,"column":4}}},"26":{"name":"balanceOfNoFees","line":475,"loc":{"start":{"line":475,"column":4},"end":{"line":477,"column":4}}},"27":{"name":"allowance","line":485,"loc":{"start":{"line":485,"column":4},"end":{"line":492,"column":4}}},"28":{"name":"feeEnforcer","line":497,"loc":{"start":{"line":497,"column":4},"end":{"line":499,"column":4}}},"29":{"name":"getFeeAddress","line":504,"loc":{"start":{"line":504,"column":4},"end":{"line":506,"column":4}}},"30":{"name":"storageFeeGracePeriodDays","line":512,"loc":{"start":{"line":512,"column":4},"end":{"line":514,"column":4}}},"31":{"name":"transferFeeBasisPoints","line":519,"loc":{"start":{"line":519,"column":4},"end":{"line":521,"column":4}}},"32":{"name":"simulateTransfer","line":530,"loc":{"start":{"line":530,"column":4},"end":{"line":536,"column":4}}},"33":{"name":"setFeeExempt","line":543,"loc":{"start":{"line":543,"column":4},"end":{"line":546,"column":4}}},"34":{"name":"isStorageFeeExempt","line":553,"loc":{"start":{"line":553,"column":4},"end":{"line":555,"column":4}}},"35":{"name":"isTransferFeeExempt","line":562,"loc":{"start":{"line":562,"column":4},"end":{"line":564,"column":4}}},"36":{"name":"isAllFeeExempt","line":571,"loc":{"start":{"line":571,"column":4},"end":{"line":573,"column":4}}},"37":{"name":"isInactive","line":581,"loc":{"start":{"line":581,"column":4},"end":{"line":583,"column":4}}},"38":{"name":"daysSincePaidStorageFee","line":590,"loc":{"start":{"line":590,"column":4},"end":{"line":599,"column":4}}},"39":{"name":"daysSinceActivity","line":607,"loc":{"start":{"line":607,"column":4},"end":{"line":612,"column":4}}},"40":{"name":"calcOwedFees","line":619,"loc":{"start":{"line":619,"column":4},"end":{"line":621,"column":4}}},"41":{"name":"calcStorageFee","line":628,"loc":{"start":{"line":628,"column":4},"end":{"line":670,"column":4}}},"42":{"name":"calcInactiveFee","line":677,"loc":{"start":{"line":677,"column":4},"end":{"line":703,"column":4}}},"43":{"name":"calcSendAllBalance","line":712,"loc":{"start":{"line":712,"column":4},"end":{"line":746,"column":4}}},"44":{"name":"calcTransferFee","line":753,"loc":{"start":{"line":753,"column":4},"end":{"line":766,"column":4}}},"45":{"name":"storageFee","line":775,"loc":{"start":{"line":775,"column":4},"end":{"line":787,"column":4}}},"46":{"name":"_approve","line":795,"loc":{"start":{"line":795,"column":4},"end":{"line":805,"column":4}}},"47":{"name":"_transfer","line":816,"loc":{"start":{"line":816,"column":4},"end":{"line":889,"column":4}}},"48":{"name":"_payStorageFee","line":896,"loc":{"start":{"line":896,"column":4},"end":{"line":909,"column":4}}},"49":{"name":"_payInactiveFee","line":916,"loc":{"start":{"line":916,"column":4},"end":{"line":933,"column":4}}},"50":{"name":"_shouldMarkInactive","line":935,"loc":{"start":{"line":935,"column":4},"end":{"line":954,"column":4}}},"51":{"name":"_setInactive","line":962,"loc":{"start":{"line":962,"column":4},"end":{"line":993,"column":4}}},"52":{"name":"_updateActivity","line":1002,"loc":{"start":{"line":1002,"column":4},"end":{"line":1025,"column":4}}},"53":{"name":"_endGracePeriod","line":1032,"loc":{"start":{"line":1032,"column":4},"end":{"line":1036,"column":4}}},"54":{"name":"_simulateTransfer","line":1049,"loc":{"start":{"line":1049,"column":4},"end":{"line":1076,"column":4}}},"55":{"name":"_calcInactiveFeePerYear","line":1085,"loc":{"start":{"line":1085,"column":4},"end":{"line":1096,"column":4}}},"56":{"name":"_calcInactiveFee","line":1106,"loc":{"start":{"line":1106,"column":4},"end":{"line":1124,"column":4}}}},"statementMap":{"1":{"start":{"line":107,"column":8},"end":{"line":107,"column":31}},"2":{"start":{"line":108,"column":8},"end":{"line":108,"column":29}},"3":{"start":{"line":109,"column":8},"end":{"line":109,"column":32}},"4":{"start":{"line":110,"column":8},"end":{"line":110,"column":28}},"5":{"start":{"line":117,"column":8},"end":{"line":117,"column":42}},"6":{"start":{"line":124,"column":8},"end":{"line":124,"column":69}},"7":{"start":{"line":129,"column":8},"end":{"line":129,"column":23}},"8":{"start":{"line":133,"column":8},"end":{"line":133,"column":21}},"9":{"start":{"line":147,"column":8},"end":{"line":147,"column":34}},"10":{"start":{"line":151,"column":8},"end":{"line":151,"column":5245}},"11":{"start":{"line":152,"column":12},"end":{"line":152,"column":27}},"12":{"start":{"line":155,"column":8},"end":{"line":155,"column":39}},"13":{"start":{"line":156,"column":8},"end":{"line":156,"column":19}},"14":{"start":{"line":160,"column":8},"end":{"line":160,"column":16}},"15":{"start":{"line":177,"column":8},"end":{"line":177,"column":34}},"16":{"start":{"line":178,"column":8},"end":{"line":178,"column":43}},"17":{"start":{"line":179,"column":8},"end":{"line":179,"column":19}},"18":{"start":{"line":198,"column":8},"end":{"line":198,"column":34}},"19":{"start":{"line":199,"column":8},"end":{"line":199,"column":33}},"20":{"start":{"line":200,"column":8},"end":{"line":200,"column":76}},"21":{"start":{"line":201,"column":8},"end":{"line":201,"column":19}},"22":{"start":{"line":219,"column":8},"end":{"line":219,"column":34}},"23":{"start":{"line":220,"column":8},"end":{"line":220,"column":8013}},"24":{"start":{"line":225,"column":8},"end":{"line":225,"column":19}},"25":{"start":{"line":243,"column":8},"end":{"line":243,"column":34}},"26":{"start":{"line":244,"column":8},"end":{"line":244,"column":8850}},"27":{"start":{"line":249,"column":8},"end":{"line":249,"column":19}},"28":{"start":{"line":263,"column":8},"end":{"line":263,"column":30}},"29":{"start":{"line":264,"column":8},"end":{"line":264,"column":58}},"30":{"start":{"line":265,"column":8},"end":{"line":265,"column":33}},"31":{"start":{"line":266,"column":8},"end":{"line":266,"column":55}},"32":{"start":{"line":267,"column":8},"end":{"line":267,"column":19}},"33":{"start":{"line":274,"column":8},"end":{"line":274,"column":67}},"34":{"start":{"line":275,"column":8},"end":{"line":275,"column":9743}},"35":{"start":{"line":283,"column":8},"end":{"line":283,"column":55}},"36":{"start":{"line":284,"column":8},"end":{"line":284,"column":29}},"37":{"start":{"line":296,"column":8},"end":{"line":296,"column":34}},"38":{"start":{"line":297,"column":8},"end":{"line":297,"column":33}},"39":{"start":{"line":298,"column":8},"end":{"line":298,"column":19}},"40":{"start":{"line":306,"column":8},"end":{"line":306,"column":10687}},"41":{"start":{"line":310,"column":8},"end":{"line":310,"column":28}},"42":{"start":{"line":311,"column":8},"end":{"line":311,"column":19}},"43":{"start":{"line":330,"column":8},"end":{"line":330,"column":37}},"44":{"start":{"line":331,"column":8},"end":{"line":331,"column":11526}},"45":{"start":{"line":337,"column":8},"end":{"line":337,"column":11707}},"46":{"start":{"line":338,"column":12},"end":{"line":338,"column":51}},"47":{"start":{"line":339,"column":12},"end":{"line":339,"column":28}},"48":{"start":{"line":340,"column":15},"end":{"line":340,"column":11833}},"49":{"start":{"line":344,"column":12},"end":{"line":344,"column":32}},"50":{"start":{"line":348,"column":12},"end":{"line":348,"column":12280}},"51":{"start":{"line":352,"column":12},"end":{"line":352,"column":50}},"52":{"start":{"line":353,"column":12},"end":{"line":353,"column":12502}},"53":{"start":{"line":358,"column":8},"end":{"line":358,"column":19}},"54":{"start":{"line":371,"column":8},"end":{"line":371,"column":38}},"55":{"start":{"line":372,"column":8},"end":{"line":372,"column":30}},"56":{"start":{"line":373,"column":8},"end":{"line":373,"column":33}},"57":{"start":{"line":374,"column":8},"end":{"line":374,"column":19}},"58":{"start":{"line":387,"column":8},"end":{"line":387,"column":43}},"59":{"start":{"line":388,"column":8},"end":{"line":388,"column":34}},"60":{"start":{"line":389,"column":8},"end":{"line":389,"column":32}},"61":{"start":{"line":390,"column":8},"end":{"line":390,"column":19}},"62":{"start":{"line":403,"column":8},"end":{"line":403,"column":51}},"63":{"start":{"line":412,"column":8},"end":{"line":412,"column":41}},"64":{"start":{"line":421,"column":8},"end":{"line":421,"column":40}},"65":{"start":{"line":429,"column":8},"end":{"line":429,"column":42}},"66":{"start":{"line":430,"column":8},"end":{"line":430,"column":41}},"67":{"start":{"line":438,"column":8},"end":{"line":438,"column":15355}},"68":{"start":{"line":442,"column":8},"end":{"line":442,"column":36}},"69":{"start":{"line":453,"column":8},"end":{"line":453,"column":40}},"70":{"start":{"line":465,"column":8},"end":{"line":465,"column":50}},"71":{"start":{"line":476,"column":8},"end":{"line":476,"column":31}},"72":{"start":{"line":491,"column":8},"end":{"line":491,"column":42}},"73":{"start":{"line":498,"column":8},"end":{"line":498,"column":27}},"74":{"start":{"line":505,"column":8},"end":{"line":505,"column":26}},"75":{"start":{"line":513,"column":8},"end":{"line":513,"column":41}},"76":{"start":{"line":520,"column":8},"end":{"line":520,"column":38}},"77":{"start":{"line":535,"column":8},"end":{"line":535,"column":49}},"78":{"start":{"line":544,"column":8},"end":{"line":544,"column":41}},"79":{"start":{"line":545,"column":8},"end":{"line":545,"column":40}},"80":{"start":{"line":554,"column":8},"end":{"line":554,"column":41}},"81":{"start":{"line":563,"column":8},"end":{"line":563,"column":42}},"82":{"start":{"line":572,"column":8},"end":{"line":572,"column":72}},"83":{"start":{"line":582,"column":8},"end":{"line":582,"column":47}},"84":{"start":{"line":595,"column":8},"end":{"line":595,"column":20773}},"85":{"start":{"line":596,"column":12},"end":{"line":596,"column":20}},"86":{"start":{"line":598,"column":8},"end":{"line":598,"column":71}},"87":{"start":{"line":608,"column":8},"end":{"line":608,"column":21308}},"88":{"start":{"line":609,"column":12},"end":{"line":609,"column":20}},"89":{"start":{"line":611,"column":8},"end":{"line":611,"column":71}},"90":{"start":{"line":620,"column":8},"end":{"line":620,"column":67}},"91":{"start":{"line":631,"column":8},"end":{"line":631,"column":44}},"92":{"start":{"line":632,"column":8},"end":{"line":632,"column":22271}},"93":{"start":{"line":635,"column":12},"end":{"line":635,"column":20}},"94":{"start":{"line":638,"column":8},"end":{"line":638,"column":71}},"95":{"start":{"line":639,"column":8},"end":{"line":639,"column":57}},"96":{"start":{"line":640,"column":8},"end":{"line":640,"column":61}},"97":{"start":{"line":643,"column":8},"end":{"line":643,"column":22690}},"98":{"start":{"line":644,"column":12},"end":{"line":644,"column":22729}},"99":{"start":{"line":645,"column":16},"end":{"line":645,"column":74}},"100":{"start":{"line":647,"column":16},"end":{"line":647,"column":39}},"101":{"start":{"line":651,"column":8},"end":{"line":651,"column":22940}},"102":{"start":{"line":652,"column":12},"end":{"line":652,"column":20}},"103":{"start":{"line":659,"column":8},"end":{"line":659,"column":23316}},"104":{"start":{"line":664,"column":12},"end":{"line":664,"column":23840}},"105":{"start":{"line":669,"column":8},"end":{"line":669,"column":56}},"106":{"start":{"line":678,"column":8},"end":{"line":678,"column":44}},"107":{"start":{"line":679,"column":8},"end":{"line":679,"column":57}},"108":{"start":{"line":682,"column":8},"end":{"line":682,"column":24517}},"109":{"start":{"line":683,"column":12},"end":{"line":683,"column":24565}},"110":{"start":{"line":690,"column":15},"end":{"line":690,"column":24790}},"111":{"start":{"line":693,"column":12},"end":{"line":693,"column":73}},"112":{"start":{"line":694,"column":12},"end":{"line":694,"column":25110}},"113":{"start":{"line":702,"column":8},"end":{"line":702,"column":16}},"114":{"start":{"line":713,"column":8},"end":{"line":713,"column":37}},"115":{"start":{"line":716,"column":8},"end":{"line":716,"column":26025}},"116":{"start":{"line":718,"column":8},"end":{"line":718,"column":26094}},"117":{"start":{"line":719,"column":12},"end":{"line":719,"column":38}},"118":{"start":{"line":723,"column":8},"end":{"line":723,"column":26303}},"119":{"start":{"line":724,"column":12},"end":{"line":724,"column":20}},"120":{"start":{"line":730,"column":8},"end":{"line":730,"column":26567}},"121":{"start":{"line":732,"column":8},"end":{"line":732,"column":26617}},"122":{"start":{"line":737,"column":8},"end":{"line":737,"column":26794}},"123":{"start":{"line":741,"column":8},"end":{"line":741,"column":26920}},"124":{"start":{"line":742,"column":12},"end":{"line":742,"column":38}},"125":{"start":{"line":745,"column":8},"end":{"line":745,"column":28}},"126":{"start":{"line":758,"column":8},"end":{"line":758,"column":27383}},"127":{"start":{"line":759,"column":12},"end":{"line":759,"column":20}},"128":{"start":{"line":765,"column":8},"end":{"line":765,"column":78}},"129":{"start":{"line":780,"column":8},"end":{"line":780,"column":28305}},"130":{"start":{"line":783,"column":8},"end":{"line":783,"column":28399}},"131":{"start":{"line":784,"column":12},"end":{"line":784,"column":26}},"132":{"start":{"line":786,"column":8},"end":{"line":786,"column":18}},"133":{"start":{"line":800,"column":8},"end":{"line":800,"column":37}},"134":{"start":{"line":801,"column":8},"end":{"line":801,"column":35}},"135":{"start":{"line":803,"column":8},"end":{"line":803,"column":42}},"136":{"start":{"line":804,"column":8},"end":{"line":804,"column":44}},"137":{"start":{"line":824,"column":8},"end":{"line":824,"column":53}},"138":{"start":{"line":825,"column":8},"end":{"line":825,"column":32}},"139":{"start":{"line":826,"column":8},"end":{"line":826,"column":43}},"140":{"start":{"line":827,"column":8},"end":{"line":827,"column":51}},"141":{"start":{"line":828,"column":8},"end":{"line":828,"column":47}},"142":{"start":{"line":831,"column":8},"end":{"line":831,"column":30123}},"143":{"start":{"line":833,"column":12},"end":{"line":833,"column":67}},"144":{"start":{"line":834,"column":12},"end":{"line":834,"column":44}},"145":{"start":{"line":835,"column":12},"end":{"line":835,"column":71}},"146":{"start":{"line":836,"column":12},"end":{"line":836,"column":69}},"147":{"start":{"line":837,"column":12},"end":{"line":837,"column":30522}},"148":{"start":{"line":843,"column":12},"end":{"line":843,"column":65}},"149":{"start":{"line":844,"column":12},"end":{"line":844,"column":77}},"150":{"start":{"line":848,"column":8},"end":{"line":848,"column":38}},"151":{"start":{"line":851,"column":8},"end":{"line":851,"column":30976}},"152":{"start":{"line":852,"column":12},"end":{"line":852,"column":56}},"153":{"start":{"line":853,"column":12},"end":{"line":853,"column":31072}},"154":{"start":{"line":854,"column":16},"end":{"line":854,"column":58}},"155":{"start":{"line":855,"column":16},"end":{"line":855,"column":36}},"156":{"start":{"line":861,"column":8},"end":{"line":861,"column":31356}},"157":{"start":{"line":864,"column":12},"end":{"line":864,"column":66}},"158":{"start":{"line":865,"column":12},"end":{"line":865,"column":50}},"159":{"start":{"line":866,"column":12},"end":{"line":866,"column":52}},"160":{"start":{"line":870,"column":8},"end":{"line":870,"column":31778}},"161":{"start":{"line":871,"column":12},"end":{"line":871,"column":56}},"162":{"start":{"line":872,"column":12},"end":{"line":872,"column":52}},"163":{"start":{"line":873,"column":12},"end":{"line":873,"column":30}},"164":{"start":{"line":874,"column":15},"end":{"line":874,"column":31963}},"165":{"start":{"line":887,"column":12},"end":{"line":887,"column":52}},"166":{"start":{"line":897,"column":8},"end":{"line":897,"column":50}},"167":{"start":{"line":898,"column":8},"end":{"line":898,"column":33164}},"168":{"start":{"line":899,"column":12},"end":{"line":899,"column":20}},"169":{"start":{"line":903,"column":8},"end":{"line":903,"column":59}},"170":{"start":{"line":904,"column":8},"end":{"line":904,"column":67}},"171":{"start":{"line":905,"column":8},"end":{"line":905,"column":53}},"172":{"start":{"line":906,"column":8},"end":{"line":906,"column":53}},"173":{"start":{"line":907,"column":8},"end":{"line":907,"column":31}},"174":{"start":{"line":908,"column":8},"end":{"line":908,"column":23}},"175":{"start":{"line":917,"column":8},"end":{"line":917,"column":33840}},"176":{"start":{"line":924,"column":8},"end":{"line":924,"column":34043}},"177":{"start":{"line":925,"column":12},"end":{"line":925,"column":20}},"178":{"start":{"line":928,"column":8},"end":{"line":928,"column":54}},"179":{"start":{"line":929,"column":8},"end":{"line":929,"column":62}},"180":{"start":{"line":930,"column":8},"end":{"line":930,"column":68}},"181":{"start":{"line":931,"column":8},"end":{"line":931,"column":48}},"182":{"start":{"line":932,"column":8},"end":{"line":932,"column":18}},"183":{"start":{"line":943,"column":8},"end":{"line":943,"column":34765}},"184":{"start":{"line":951,"column":12},"end":{"line":951,"column":23}},"185":{"start":{"line":953,"column":8},"end":{"line":953,"column":20}},"186":{"start":{"line":964,"column":8},"end":{"line":964,"column":50}},"187":{"start":{"line":965,"column":8},"end":{"line":965,"column":65}},"188":{"start":{"line":969,"column":8},"end":{"line":969,"column":34}},"189":{"start":{"line":972,"column":8},"end":{"line":972,"column":78}},"190":{"start":{"line":973,"column":8},"end":{"line":973,"column":67}},"191":{"start":{"line":974,"column":8},"end":{"line":974,"column":35946}},"192":{"start":{"line":982,"column":8},"end":{"line":982,"column":48}},"193":{"start":{"line":983,"column":8},"end":{"line":983,"column":55}},"194":{"start":{"line":984,"column":8},"end":{"line":984,"column":63}},"195":{"start":{"line":985,"column":8},"end":{"line":985,"column":77}},"196":{"start":{"line":986,"column":8},"end":{"line":986,"column":49}},"197":{"start":{"line":989,"column":8},"end":{"line":989,"column":36542}},"198":{"start":{"line":990,"column":12},"end":{"line":990,"column":57}},"199":{"start":{"line":991,"column":12},"end":{"line":991,"column":35}},"200":{"start":{"line":1009,"column":8},"end":{"line":1009,"column":37449}},"201":{"start":{"line":1011,"column":12},"end":{"line":1011,"column":32}},"202":{"start":{"line":1015,"column":8},"end":{"line":1015,"column":37665}},"203":{"start":{"line":1016,"column":12},"end":{"line":1016,"column":35}},"204":{"start":{"line":1017,"column":12},"end":{"line":1017,"column":43}},"205":{"start":{"line":1018,"column":12},"end":{"line":1018,"column":57}},"206":{"start":{"line":1019,"column":12},"end":{"line":1019,"column":41}},"207":{"start":{"line":1024,"column":8},"end":{"line":1024,"column":51}},"208":{"start":{"line":1033,"column":8},"end":{"line":1033,"column":38342}},"209":{"start":{"line":1034,"column":12},"end":{"line":1034,"column":46}},"210":{"start":{"line":1054,"column":8},"end":{"line":1054,"column":29}},"211":{"start":{"line":1061,"column":8},"end":{"line":1061,"column":34}},"212":{"start":{"line":1062,"column":8},"end":{"line":1062,"column":17}},"213":{"start":{"line":1063,"column":8},"end":{"line":1063,"column":17}},"214":{"start":{"line":1066,"column":8},"end":{"line":1066,"column":39431}},"215":{"start":{"line":1067,"column":12},"end":{"line":1067,"column":36}},"216":{"start":{"line":1068,"column":12},"end":{"line":1068,"column":48}},"217":{"start":{"line":1069,"column":12},"end":{"line":1069,"column":67}},"218":{"start":{"line":1070,"column":12},"end":{"line":1070,"column":54}},"219":{"start":{"line":1072,"column":12},"end":{"line":1072,"column":46}},"220":{"start":{"line":1073,"column":12},"end":{"line":1073,"column":26}},"221":{"start":{"line":1075,"column":8},"end":{"line":1075,"column":18}},"222":{"start":{"line":1090,"column":8},"end":{"line":1090,"column":40261}},"223":{"start":{"line":1092,"column":8},"end":{"line":1092,"column":40338}},"224":{"start":{"line":1093,"column":12},"end":{"line":1093,"column":24}},"225":{"start":{"line":1095,"column":8},"end":{"line":1095,"column":33}},"226":{"start":{"line":1112,"column":8},"end":{"line":1112,"column":66}},"227":{"start":{"line":1113,"column":8},"end":{"line":1113,"column":41124}},"228":{"start":{"line":1120,"column":8},"end":{"line":1120,"column":41355}},"229":{"start":{"line":1121,"column":12},"end":{"line":1121,"column":26}},"230":{"start":{"line":1123,"column":8},"end":{"line":1123,"column":23}}},"branchMap":{"1":{"line":117,"type":"if","locations":[{"start":{"line":117,"column":8},"end":{"line":117,"column":8}},{"start":{"line":117,"column":8},"end":{"line":117,"column":8}}]},"2":{"line":124,"type":"if","locations":[{"start":{"line":124,"column":8},"end":{"line":124,"column":8}},{"start":{"line":124,"column":8},"end":{"line":124,"column":8}}]},"3":{"line":151,"type":"if","locations":[{"start":{"line":151,"column":8},"end":{"line":151,"column":8}},{"start":{"line":151,"column":8},"end":{"line":151,"column":8}}]},"4":{"line":275,"type":"if","locations":[{"start":{"line":275,"column":8},"end":{"line":275,"column":8}},{"start":{"line":275,"column":8},"end":{"line":275,"column":8}}]},"5":{"line":306,"type":"if","locations":[{"start":{"line":306,"column":8},"end":{"line":306,"column":8}},{"start":{"line":306,"column":8},"end":{"line":306,"column":8}}]},"6":{"line":330,"type":"if","locations":[{"start":{"line":330,"column":8},"end":{"line":330,"column":8}},{"start":{"line":330,"column":8},"end":{"line":330,"column":8}}]},"7":{"line":331,"type":"if","locations":[{"start":{"line":331,"column":8},"end":{"line":331,"column":8}},{"start":{"line":331,"column":8},"end":{"line":331,"column":8}}]},"8":{"line":337,"type":"if","locations":[{"start":{"line":337,"column":8},"end":{"line":337,"column":8}},{"start":{"line":337,"column":8},"end":{"line":337,"column":8}}]},"9":{"line":339,"type":"if","locations":[{"start":{"line":339,"column":12},"end":{"line":339,"column":12}},{"start":{"line":339,"column":12},"end":{"line":339,"column":12}}]},"10":{"line":340,"type":"if","locations":[{"start":{"line":340,"column":15},"end":{"line":340,"column":15}},{"start":{"line":340,"column":15},"end":{"line":340,"column":15}}]},"11":{"line":348,"type":"if","locations":[{"start":{"line":348,"column":12},"end":{"line":348,"column":12}},{"start":{"line":348,"column":12},"end":{"line":348,"column":12}}]},"12":{"line":353,"type":"if","locations":[{"start":{"line":353,"column":12},"end":{"line":353,"column":12}},{"start":{"line":353,"column":12},"end":{"line":353,"column":12}}]},"13":{"line":371,"type":"if","locations":[{"start":{"line":371,"column":8},"end":{"line":371,"column":8}},{"start":{"line":371,"column":8},"end":{"line":371,"column":8}}]},"14":{"line":387,"type":"if","locations":[{"start":{"line":387,"column":8},"end":{"line":387,"column":8}},{"start":{"line":387,"column":8},"end":{"line":387,"column":8}}]},"15":{"line":438,"type":"if","locations":[{"start":{"line":438,"column":8},"end":{"line":438,"column":8}},{"start":{"line":438,"column":8},"end":{"line":438,"column":8}}]},"16":{"line":595,"type":"if","locations":[{"start":{"line":595,"column":8},"end":{"line":595,"column":8}},{"start":{"line":595,"column":8},"end":{"line":595,"column":8}}]},"17":{"line":608,"type":"if","locations":[{"start":{"line":608,"column":8},"end":{"line":608,"column":8}},{"start":{"line":608,"column":8},"end":{"line":608,"column":8}}]},"18":{"line":632,"type":"if","locations":[{"start":{"line":632,"column":8},"end":{"line":632,"column":8}},{"start":{"line":632,"column":8},"end":{"line":632,"column":8}}]},"19":{"line":643,"type":"if","locations":[{"start":{"line":643,"column":8},"end":{"line":643,"column":8}},{"start":{"line":643,"column":8},"end":{"line":643,"column":8}}]},"20":{"line":644,"type":"if","locations":[{"start":{"line":644,"column":12},"end":{"line":644,"column":12}},{"start":{"line":644,"column":12},"end":{"line":644,"column":12}}]},"21":{"line":651,"type":"if","locations":[{"start":{"line":651,"column":8},"end":{"line":651,"column":8}},{"start":{"line":651,"column":8},"end":{"line":651,"column":8}}]},"22":{"line":659,"type":"if","locations":[{"start":{"line":659,"column":8},"end":{"line":659,"column":8}},{"start":{"line":659,"column":8},"end":{"line":659,"column":8}}]},"23":{"line":682,"type":"if","locations":[{"start":{"line":682,"column":8},"end":{"line":682,"column":8}},{"start":{"line":682,"column":8},"end":{"line":682,"column":8}}]},"24":{"line":690,"type":"if","locations":[{"start":{"line":690,"column":15},"end":{"line":690,"column":15}},{"start":{"line":690,"column":15},"end":{"line":690,"column":15}}]},"25":{"line":713,"type":"if","locations":[{"start":{"line":713,"column":8},"end":{"line":713,"column":8}},{"start":{"line":713,"column":8},"end":{"line":713,"column":8}}]},"26":{"line":718,"type":"if","locations":[{"start":{"line":718,"column":8},"end":{"line":718,"column":8}},{"start":{"line":718,"column":8},"end":{"line":718,"column":8}}]},"27":{"line":723,"type":"if","locations":[{"start":{"line":723,"column":8},"end":{"line":723,"column":8}},{"start":{"line":723,"column":8},"end":{"line":723,"column":8}}]},"28":{"line":741,"type":"if","locations":[{"start":{"line":741,"column":8},"end":{"line":741,"column":8}},{"start":{"line":741,"column":8},"end":{"line":741,"column":8}}]},"29":{"line":758,"type":"if","locations":[{"start":{"line":758,"column":8},"end":{"line":758,"column":8}},{"start":{"line":758,"column":8},"end":{"line":758,"column":8}}]},"30":{"line":783,"type":"if","locations":[{"start":{"line":783,"column":8},"end":{"line":783,"column":8}},{"start":{"line":783,"column":8},"end":{"line":783,"column":8}}]},"31":{"line":800,"type":"if","locations":[{"start":{"line":800,"column":8},"end":{"line":800,"column":8}},{"start":{"line":800,"column":8},"end":{"line":800,"column":8}}]},"32":{"line":801,"type":"if","locations":[{"start":{"line":801,"column":8},"end":{"line":801,"column":8}},{"start":{"line":801,"column":8},"end":{"line":801,"column":8}}]},"33":{"line":831,"type":"if","locations":[{"start":{"line":831,"column":8},"end":{"line":831,"column":8}},{"start":{"line":831,"column":8},"end":{"line":831,"column":8}}]},"34":{"line":851,"type":"if","locations":[{"start":{"line":851,"column":8},"end":{"line":851,"column":8}},{"start":{"line":851,"column":8},"end":{"line":851,"column":8}}]},"35":{"line":853,"type":"if","locations":[{"start":{"line":853,"column":12},"end":{"line":853,"column":12}},{"start":{"line":853,"column":12},"end":{"line":853,"column":12}}]},"36":{"line":861,"type":"if","locations":[{"start":{"line":861,"column":8},"end":{"line":861,"column":8}},{"start":{"line":861,"column":8},"end":{"line":861,"column":8}}]},"37":{"line":870,"type":"if","locations":[{"start":{"line":870,"column":8},"end":{"line":870,"column":8}},{"start":{"line":870,"column":8},"end":{"line":870,"column":8}}]},"38":{"line":874,"type":"if","locations":[{"start":{"line":874,"column":15},"end":{"line":874,"column":15}},{"start":{"line":874,"column":15},"end":{"line":874,"column":15}}]},"39":{"line":898,"type":"if","locations":[{"start":{"line":898,"column":8},"end":{"line":898,"column":8}},{"start":{"line":898,"column":8},"end":{"line":898,"column":8}}]},"40":{"line":924,"type":"if","locations":[{"start":{"line":924,"column":8},"end":{"line":924,"column":8}},{"start":{"line":924,"column":8},"end":{"line":924,"column":8}}]},"41":{"line":943,"type":"if","locations":[{"start":{"line":943,"column":8},"end":{"line":943,"column":8}},{"start":{"line":943,"column":8},"end":{"line":943,"column":8}}]},"42":{"line":989,"type":"if","locations":[{"start":{"line":989,"column":8},"end":{"line":989,"column":8}},{"start":{"line":989,"column":8},"end":{"line":989,"column":8}}]},"43":{"line":1009,"type":"if","locations":[{"start":{"line":1009,"column":8},"end":{"line":1009,"column":8}},{"start":{"line":1009,"column":8},"end":{"line":1009,"column":8}}]},"44":{"line":1015,"type":"if","locations":[{"start":{"line":1015,"column":8},"end":{"line":1015,"column":8}},{"start":{"line":1015,"column":8},"end":{"line":1015,"column":8}}]},"45":{"line":1033,"type":"if","locations":[{"start":{"line":1033,"column":8},"end":{"line":1033,"column":8}},{"start":{"line":1033,"column":8},"end":{"line":1033,"column":8}}]},"46":{"line":1066,"type":"if","locations":[{"start":{"line":1066,"column":8},"end":{"line":1066,"column":8}},{"start":{"line":1066,"column":8},"end":{"line":1066,"column":8}}]},"47":{"line":1092,"type":"if","locations":[{"start":{"line":1092,"column":8},"end":{"line":1092,"column":8}},{"start":{"line":1092,"column":8},"end":{"line":1092,"column":8}}]},"48":{"line":1120,"type":"if","locations":[{"start":{"line":1120,"column":8},"end":{"line":1120,"column":8}},{"start":{"line":1120,"column":8},"end":{"line":1120,"column":8}}]}}}}