TN:
SF:/home/wizgot/projects/synthetic-cgt/hardhat/contracts/CacheGold.sol
FN:147,constructor
FN:170,onlyEnforcer
FN:180,transfer
FN:203,approve
FN:220,transferFrom
FN:241,increaseAllowance
FN:264,decreaseAllowance
FN:287,addBackedTokens
FN:327,payStorageFee
FN:335,setAccountInactive
FN:358,forcePayFees
FN:395,setFeeEnforcer
FN:411,setFeeAddress
FN:431,setRedeemAddress
FN:451,setBackedAddress
FN:471,setUnbackedAddress
FN:499,setOracleAddress
FN:515,setStorageFeeGracePeriodDays
FN:525,setTransferFeeExempt
FN:534,setStorageFeeExempt
FN:542,unsetFeeExempt
FN:551,setTransferFeeBasisPoints
FN:566,balanceOf
FN:577,balanceOfNoFees
FN:587,totalSupply
FN:597,allowance
FN:608,feeEnforcer
FN:615,feeAddress
FN:622,redeemAddress
FN:629,backedTreasury
FN:636,unbackedTreasury
FN:643,oracleAddress
FN:651,storageFeeGracePeriodDays
FN:658,transferFeeBasisPoints
FN:667,setFeeExempt
FN:677,isStorageFeeExempt
FN:686,isTransferFeeExempt
FN:695,isAllFeeExempt
FN:705,isInactive
FN:714,totalCirculation
FN:723,daysSincePaidStorageFee
FN:740,daysSinceActivity
FN:752,calcOwedFees
FN:761,calcStorageFee
FN:811,calcInactiveFee
FN:839,calcSendAllBalance
FN:875,calcTransferFee
FN:887,storageFee
FN:903,_approve
FN:923,_transfer
FN:988,_mint
FN:1004,_payStorageFee
FN:1019,_shouldMarkInactive
FN:1033,_setInactive
FN:1066,_updateActivity
FN:1084,_endGracePeriod
FN:1090,_calcInactiveFeePerYear
FN:1104,_calcInactiveFee
FNF:58
FNH:25
FNDA:3,constructor
FNDA:0,onlyEnforcer
FNDA:1,transfer
FNDA:3,approve
FNDA:3,transferFrom
FNDA:0,increaseAllowance
FNDA:0,decreaseAllowance
FNDA:1,addBackedTokens
FNDA:0,payStorageFee
FNDA:0,setAccountInactive
FNDA:0,forcePayFees
FNDA:0,setFeeEnforcer
FNDA:0,setFeeAddress
FNDA:0,setRedeemAddress
FNDA:0,setBackedAddress
FNDA:0,setUnbackedAddress
FNDA:0,setOracleAddress
FNDA:0,setStorageFeeGracePeriodDays
FNDA:0,setTransferFeeExempt
FNDA:0,setStorageFeeExempt
FNDA:0,unsetFeeExempt
FNDA:0,setTransferFeeBasisPoints
FNDA:8,balanceOf
FNDA:2,balanceOfNoFees
FNDA:0,totalSupply
FNDA:1,allowance
FNDA:0,feeEnforcer
FNDA:0,feeAddress
FNDA:0,redeemAddress
FNDA:0,backedTreasury
FNDA:0,unbackedTreasury
FNDA:0,oracleAddress
FNDA:0,storageFeeGracePeriodDays
FNDA:0,transferFeeBasisPoints
FNDA:15,setFeeExempt
FNDA:16,isStorageFeeExempt
FNDA:12,isTransferFeeExempt
FNDA:0,isAllFeeExempt
FNDA:41,isInactive
FNDA:1,totalCirculation
FNDA:10,daysSincePaidStorageFee
FNDA:29,daysSinceActivity
FNDA:8,calcOwedFees
FNDA:16,calcStorageFee
FNDA:8,calcInactiveFee
FNDA:8,calcSendAllBalance
FNDA:4,calcTransferFee
FNDA:0,storageFee
FNDA:6,_approve
FNDA:4,_transfer
FNDA:1,_mint
FNDA:0,_payStorageFee
FNDA:16,_shouldMarkInactive
FNDA:0,_setInactive
FNDA:7,_updateActivity
FNDA:0,_endGracePeriod
FNDA:0,_calcInactiveFeePerYear
FNDA:0,_calcInactiveFee
DA:154,3
DA:155,3
DA:156,3
DA:157,3
DA:158,3
DA:159,3
DA:160,3
DA:161,3
DA:162,3
DA:163,3
DA:164,3
DA:171,0
DA:172,0
DA:182,1
DA:186,1
DA:187,0
DA:190,1
DA:191,1
DA:204,3
DA:205,3
DA:206,3
DA:225,3
DA:226,3
DA:227,3
DA:228,3
DA:245,0
DA:246,0
DA:251,0
DA:268,0
DA:269,0
DA:274,0
DA:288,1
DA:292,1
DA:296,1
DA:303,1
DA:304,0
DA:306,1
DA:309,0
DA:313,1
DA:315,1
DA:316,1
DA:328,0
DA:329,0
DA:330,0
DA:338,0
DA:342,0
DA:361,0
DA:362,0
DA:368,0
DA:372,0
DA:376,0
DA:380,0
DA:381,0
DA:398,0
DA:399,0
DA:400,0
DA:401,0
DA:414,0
DA:415,0
DA:419,0
DA:420,0
DA:421,0
DA:434,0
DA:435,0
DA:439,0
DA:440,0
DA:441,0
DA:454,0
DA:455,0
DA:459,0
DA:460,0
DA:461,0
DA:474,0
DA:475,0
DA:479,0
DA:483,0
DA:487,0
DA:488,0
DA:489,0
DA:502,0
DA:503,0
DA:504,0
DA:517,0
DA:526,0
DA:535,0
DA:543,0
DA:544,0
DA:552,0
DA:556,0
DA:567,8
DA:578,2
DA:588,0
DA:602,1
DA:609,0
DA:616,0
DA:623,0
DA:630,0
DA:637,0
DA:644,0
DA:652,0
DA:659,0
DA:668,15
DA:669,15
DA:678,16
DA:687,12
DA:696,0
DA:706,41
DA:715,1
DA:728,10
DA:729,0
DA:731,10
DA:741,29
DA:742,1
DA:744,28
DA:753,8
DA:764,16
DA:765,16
DA:768,6
DA:771,10
DA:772,10
DA:773,10
DA:776,10
DA:777,0
DA:778,0
DA:780,0
DA:784,10
DA:785,10
DA:792,0
DA:797,0
DA:803,0
DA:812,8
DA:813,8
DA:816,8
DA:817,0
DA:827,0
DA:828,0
DA:836,8
DA:840,8
DA:843,8
DA:846,8
DA:847,0
DA:851,8
DA:852,1
DA:855,7
DA:858,7
DA:863,7
DA:868,7
DA:869,0
DA:872,7
DA:880,4
DA:881,1
DA:884,3
DA:892,0
DA:897,0
DA:898,0
DA:900,0
DA:908,6
DA:909,6
DA:910,6
DA:911,6
DA:931,4
DA:932,4
DA:933,4
DA:934,4
DA:935,4
DA:938,4
DA:940,4
DA:941,4
DA:942,4
DA:943,4
DA:944,4
DA:949,0
DA:950,0
DA:954,4
DA:957,4
DA:958,3
DA:959,3
DA:960,0
DA:961,0
DA:967,4
DA:970,3
DA:971,3
DA:972,3
DA:976,4
DA:977,0
DA:978,0
DA:979,0
DA:981,4
DA:983,4
DA:984,0
DA:989,1
DA:993,1
DA:998,1
DA:999,1
DA:1000,1
DA:1001,1
DA:1005,0
DA:1006,0
DA:1007,0
DA:1011,0
DA:1012,0
DA:1013,0
DA:1014,0
DA:1015,0
DA:1016,0
DA:1020,16
DA:1028,0
DA:1030,16
DA:1035,0
DA:1036,0
DA:1040,0
DA:1043,0
DA:1044,0
DA:1045,0
DA:1053,0
DA:1054,0
DA:1055,0
DA:1056,0
DA:1057,0
DA:1060,0
DA:1061,0
DA:1062,0
DA:1067,7
DA:1069,0
DA:1073,7
DA:1074,0
DA:1075,0
DA:1076,0
DA:1081,7
DA:1085,0
DA:1086,0
DA:1095,0
DA:1098,0
DA:1099,0
DA:1101,0
DA:1110,0
DA:1111,0
DA:1117,0
DA:1118,0
DA:1120,0
LF:240
LH:108
BRDA:171,1,0,0
BRDA:171,1,1,0
BRDA:186,2,0,0
BRDA:186,2,1,1
BRDA:296,3,0,1
BRDA:296,3,1,0
BRDA:303,4,0,0
BRDA:303,4,1,1
BRDA:306,5,0,0
BRDA:306,5,1,1
BRDA:338,6,0,0
BRDA:338,6,1,0
BRDA:361,7,0,0
BRDA:361,7,1,0
BRDA:362,8,0,0
BRDA:362,8,1,0
BRDA:368,9,0,0
BRDA:368,9,1,0
BRDA:376,10,0,0
BRDA:376,10,1,0
BRDA:381,11,0,0
BRDA:381,11,1,0
BRDA:398,12,0,0
BRDA:398,12,1,0
BRDA:414,13,0,0
BRDA:414,13,1,0
BRDA:415,14,0,0
BRDA:415,14,1,0
BRDA:434,15,0,0
BRDA:434,15,1,0
BRDA:435,16,0,0
BRDA:435,16,1,0
BRDA:454,17,0,0
BRDA:454,17,1,0
BRDA:455,18,0,0
BRDA:455,18,1,0
BRDA:474,19,0,0
BRDA:474,19,1,0
BRDA:475,20,0,0
BRDA:475,20,1,0
BRDA:479,21,0,0
BRDA:479,21,1,0
BRDA:483,22,0,0
BRDA:483,22,1,0
BRDA:502,23,0,0
BRDA:502,23,1,0
BRDA:552,24,0,0
BRDA:552,24,1,0
BRDA:728,25,0,0
BRDA:728,25,1,10
BRDA:741,26,0,1
BRDA:741,26,1,28
BRDA:765,27,0,6
BRDA:765,27,1,10
BRDA:776,28,0,0
BRDA:776,28,1,10
BRDA:777,29,0,0
BRDA:777,29,1,0
BRDA:784,30,0,10
BRDA:784,30,1,0
BRDA:792,31,0,0
BRDA:792,31,1,0
BRDA:816,32,0,0
BRDA:816,32,1,8
BRDA:824,33,0,0
BRDA:824,33,1,8
BRDA:840,34,0,8
BRDA:840,34,1,0
BRDA:846,35,0,0
BRDA:846,35,1,8
BRDA:851,36,0,1
BRDA:851,36,1,7
BRDA:868,37,0,0
BRDA:868,37,1,7
BRDA:880,38,0,1
BRDA:880,38,1,3
BRDA:897,39,0,0
BRDA:897,39,1,0
BRDA:908,40,0,6
BRDA:908,40,1,0
BRDA:909,41,0,6
BRDA:909,41,1,0
BRDA:938,42,0,4
BRDA:938,42,1,0
BRDA:957,43,0,3
BRDA:957,43,1,1
BRDA:959,44,0,0
BRDA:959,44,1,3
BRDA:967,45,0,3
BRDA:967,45,1,1
BRDA:976,46,0,0
BRDA:976,46,1,4
BRDA:980,47,0,4
BRDA:980,47,1,0
BRDA:983,48,0,0
BRDA:983,48,1,4
BRDA:989,49,0,1
BRDA:989,49,1,0
BRDA:993,50,0,1
BRDA:993,50,1,0
BRDA:1006,51,0,0
BRDA:1006,51,1,0
BRDA:1020,52,0,0
BRDA:1020,52,1,16
BRDA:1060,53,0,0
BRDA:1060,53,1,0
BRDA:1067,54,0,0
BRDA:1067,54,1,7
BRDA:1073,55,0,0
BRDA:1073,55,1,7
BRDA:1085,56,0,0
BRDA:1085,56,1,0
BRDA:1098,57,0,0
BRDA:1098,57,1,0
BRDA:1117,58,0,0
BRDA:1117,58,1,0
BRF:116
BRH:36
end_of_record
TN:
SF:/home/wizgot/projects/synthetic-cgt/hardhat/contracts/RootAlchemist.sol
FN:33,constructor
FN:49,splitCGT
FN:72,mergeCGT
FN:96,max
FN:101,priceFromOracle
FNF:5
FNH:3
FNDA:2,constructor
FNDA:1,splitCGT
FNDA:1,mergeCGT
FNDA:0,max
FNDA:0,priceFromOracle
DA:39,2
DA:40,2
DA:41,1
DA:42,1
DA:52,1
DA:53,1
DA:54,1
DA:57,1
DA:58,1
DA:60,1
DA:61,1
DA:62,1
DA:64,1
DA:65,1
DA:75,1
DA:76,1
DA:78,3
DA:79,4
DA:80,4
DA:81,4
DA:82,4
DA:84,0
DA:85,0
DA:87,0
DA:88,0
DA:89,0
DA:91,0
DA:93,0
DA:97,0
DA:102,0
DA:103,0
DA:104,0
LF:32
LH:21
BRDA:52,1,0,1
BRDA:52,1,1,0
BRDA:54,2,0,1
BRDA:54,2,1,0
BRDA:84,3,0,0
BRDA:84,3,1,0
BRDA:85,4,0,0
BRDA:85,4,1,0
BRF:8
BRH:2
end_of_record
TN:
SF:/home/wizgot/projects/synthetic-cgt/hardhat/contracts/Steady.sol
FN:11,constructor
FN:16,onlyAlchemist
FN:21,setAlchemist
FN:25,getAlchemist
FN:29,decimals
FN:33,mint
FN:37,_beforeTokenTransfer
FNF:7
FNH:0
FNDA:0,constructor
FNDA:0,onlyAlchemist
FNDA:0,setAlchemist
FNDA:0,getAlchemist
FNDA:0,decimals
FNDA:0,mint
FNDA:0,_beforeTokenTransfer
DA:17,0
DA:18,0
DA:22,0
DA:26,0
DA:30,0
DA:34,0
DA:42,0
LF:7
LH:0
BRDA:17,1,0,0
BRDA:17,1,1,0
BRF:2
BRH:0
end_of_record
TN:
SF:/home/wizgot/projects/synthetic-cgt/hardhat/contracts/Unsteady.sol
FN:106,constructor
FN:116,onlyEnforcer
FN:123,onlyAlchemist
FN:128,setAlchemist
FN:132,getAlchemist
FN:141,transfer
FN:159,decimals
FN:172,approve
FN:193,transferFrom
FN:214,increaseAllowance
FN:238,decreaseAllowance
FN:260,mint
FN:272,burnFrom
FN:295,payStorageFee
FN:303,setAccountInactive
FN:327,forcePayFees
FN:368,setFeeEnforcer
FN:384,setFeeAddress
FN:401,setStorageFeeGracePeriodDays
FN:411,setTransferFeeExempt
FN:420,setStorageFeeExempt
FN:428,unsetFeeExempt
FN:437,setTransferFeeBasisPoints
FN:452,balanceOf
FN:460,_afterTokenTransfer
FN:475,balanceOfNoFees
FN:485,allowance
FN:497,feeEnforcer
FN:504,getFeeAddress
FN:512,storageFeeGracePeriodDays
FN:519,transferFeeBasisPoints
FN:530,simulateTransfer
FN:543,setFeeExempt
FN:553,isStorageFeeExempt
FN:562,isTransferFeeExempt
FN:571,isAllFeeExempt
FN:581,isInactive
FN:590,daysSincePaidStorageFee
FN:607,daysSinceActivity
FN:619,calcOwedFees
FN:628,calcStorageFee
FN:677,calcInactiveFee
FN:712,calcSendAllBalance
FN:753,calcTransferFee
FN:775,storageFee
FN:795,_approve
FN:816,_transfer
FN:896,_payStorageFee
FN:916,_payInactiveFee
FN:935,_shouldMarkInactive
FN:962,_setInactive
FN:1002,_updateActivity
FN:1032,_endGracePeriod
FN:1049,_simulateTransfer
FN:1085,_calcInactiveFeePerYear
FN:1106,_calcInactiveFee
FNF:56
FNH:46
FNDA:465,constructor
FNDA:465,onlyEnforcer
FNDA:627,onlyAlchemist
FNDA:0,setAlchemist
FNDA:0,getAlchemist
FNDA:0,transfer
FNDA:0,decimals
FNDA:0,approve
FNDA:27,transferFrom
FNDA:1,increaseAllowance
FNDA:1,decreaseAllowance
FNDA:14,mint
FNDA:24,burnFrom
FNDA:4,payStorageFee
FNDA:7,setAccountInactive
FNDA:8,forcePayFees
FNDA:1,setFeeEnforcer
FNDA:190,setFeeAddress
FNDA:1117,setStorageFeeGracePeriodDays
FNDA:1,setTransferFeeExempt
FNDA:0,setStorageFeeExempt
FNDA:0,unsetFeeExempt
FNDA:1,setTransferFeeBasisPoints
FNDA:15,balanceOf
FNDA:1604,_afterTokenTransfer
FNDA:898,balanceOfNoFees
FNDA:145,allowance
FNDA:4655,feeEnforcer
FNDA:982,getFeeAddress
FNDA:1,storageFeeGracePeriodDays
FNDA:981,transferFeeBasisPoints
FNDA:3290,simulateTransfer
FNDA:37,setFeeExempt
FNDA:3253,isStorageFeeExempt
FNDA:465,isTransferFeeExempt
FNDA:1760,isAllFeeExempt
FNDA:790,isInactive
FNDA:970,daysSincePaidStorageFee
FNDA:4,daysSinceActivity
FNDA:966,calcOwedFees
FNDA:117,calcStorageFee
FNDA:7,calcInactiveFee
FNDA:0,calcSendAllBalance
FNDA:628,calcTransferFee
FNDA:465,storageFee
FNDA:463,_approve
FNDA:465,_transfer
FNDA:4,_payStorageFee
FNDA:54,_payInactiveFee
FNDA:54,_shouldMarkInactive
FNDA:54,_setInactive
FNDA:39,_updateActivity
FNDA:1,_endGracePeriod
FNDA:105,_simulateTransfer
FNDA:0,_calcInactiveFeePerYear
FNDA:0,_calcInactiveFee
DA:107,465
DA:108,8
DA:109,8
DA:110,465
DA:117,465
DA:118,627
DA:124,627
DA:125,627
DA:129,0
DA:133,0
DA:147,0
DA:151,0
DA:152,0
DA:155,0
DA:156,0
DA:160,0
DA:177,27
DA:178,27
DA:179,27
DA:198,27
DA:199,27
DA:200,1
DA:201,1
DA:219,1
DA:220,1
DA:225,1
DA:243,14
DA:244,14
DA:249,14
DA:263,4
DA:264,4
DA:265,1
DA:266,1
DA:267,1
DA:274,24
DA:275,22
DA:279,20
DA:283,20
DA:284,4
DA:296,4
DA:297,4
DA:298,16
DA:306,7
DA:310,9
DA:311,8
DA:330,8
DA:331,17
DA:337,0
DA:338,0
DA:339,0
DA:344,0
DA:348,0
DA:352,0
DA:353,3
DA:358,1
DA:371,1
DA:372,1
DA:373,191
DA:374,191
DA:387,190
DA:388,191
DA:389,28
DA:390,1117
DA:403,1
DA:412,0
DA:421,0
DA:429,3
DA:430,3
DA:438,1
DA:442,15
DA:453,15
DA:465,1604
DA:476,898
DA:491,145
DA:498,4655
DA:505,982
DA:513,1
DA:520,981
DA:535,3290
DA:544,37
DA:545,3253
DA:554,465
DA:563,1760
DA:572,1760
DA:582,790
DA:595,970
DA:596,970
DA:598,970
DA:608,4
DA:609,2
DA:611,2
DA:620,970
DA:631,117
DA:632,853
DA:635,278
DA:638,575
DA:639,853
DA:640,483
DA:643,483
DA:644,483
DA:645,7
DA:647,51
DA:651,51
DA:652,425
DA:659,389
DA:664,388
DA:669,388
DA:678,7
DA:679,381
DA:682,381
DA:683,183
DA:693,198
DA:694,198
DA:702,0
DA:713,198
DA:716,507
DA:718,218
DA:719,289
DA:723,960
DA:724,960
DA:730,5
DA:732,955
DA:737,955
DA:741,628
DA:742,628
DA:745,628
DA:758,628
DA:759,465
DA:765,465
DA:780,465
DA:783,465
DA:784,465
DA:786,463
DA:800,463
DA:801,463
DA:803,2
DA:804,2
DA:824,465
DA:825,465
DA:826,230
DA:827,230
DA:828,191
DA:831,191
DA:833,39
DA:834,465
DA:835,44
DA:836,44
DA:837,44
DA:843,421
DA:844,465
DA:848,57
DA:851,57
DA:852,57
DA:853,408
DA:854,248
DA:855,22
DA:861,22
DA:864,1
DA:865,21
DA:866,21
DA:870,21
DA:871,21
DA:872,21
DA:873,48
DA:887,44
DA:897,4
DA:898,4
DA:899,4
DA:903,4
DA:904,2067
DA:905,2067
DA:906,105
DA:907,1962
DA:908,1962
DA:917,54
DA:924,54
DA:925,54
DA:928,54
DA:929,54
DA:930,54
DA:931,54
DA:932,54
DA:943,54
DA:951,54
DA:953,54
DA:964,0
DA:965,1106
DA:969,38
DA:972,38
DA:973,1106
DA:974,44
DA:982,44
DA:983,44
DA:984,44
DA:985,44
DA:986,1106
DA:989,323
DA:990,1
DA:991,1
DA:1009,39
DA:1011,39
DA:1015,39
DA:1016,38
DA:1017,38
DA:1018,38
DA:1019,38
DA:1024,1
DA:1033,1
DA:1034,38
DA:1054,105
DA:1061,66
DA:1062,66
DA:1063,39
DA:1066,160
DA:1067,160
DA:1068,160
DA:1069,10
DA:1070,10
DA:1072,150
DA:1073,0
DA:1075,0
DA:1090,0
DA:1092,0
DA:1093,0
DA:1095,0
DA:1112,0
DA:1113,0
DA:1120,0
DA:1121,0
DA:1123,0
LF:230
LH:201
BRDA:117,1,0,0
BRDA:117,1,1,0
BRDA:124,2,0,627
BRDA:124,2,1,0
BRDA:151,3,0,0
BRDA:151,3,1,0
BRDA:275,4,0,22
BRDA:275,4,1,0
BRDA:306,5,0,9
BRDA:306,5,1,-2
BRDA:330,6,0,7
BRDA:330,6,1,1
BRDA:331,7,0,0
BRDA:331,7,1,17
BRDA:337,8,0,0
BRDA:337,8,1,0
BRDA:339,9,0,0
BRDA:339,9,1,0
BRDA:340,10,0,0
BRDA:340,10,1,0
BRDA:348,11,0,0
BRDA:348,11,1,0
BRDA:353,12,0,1
BRDA:353,12,1,2
BRDA:371,13,0,1
BRDA:371,13,1,0
BRDA:387,14,0,191
BRDA:387,14,1,-1
BRDA:438,15,0,39
BRDA:438,15,1,0
BRDA:595,16,0,970
BRDA:595,16,1,970
BRDA:608,17,0,2
BRDA:608,17,1,2
BRDA:632,18,0,853
BRDA:632,18,1,278
BRDA:643,19,0,483
BRDA:643,19,1,51
BRDA:644,20,0,7
BRDA:644,20,1,476
BRDA:651,21,0,425
BRDA:651,21,1,389
BRDA:659,22,0,389
BRDA:659,22,1,388
BRDA:682,23,0,183
BRDA:682,23,1,198
BRDA:690,24,0,198
BRDA:690,24,1,198
BRDA:713,25,0,507
BRDA:713,25,1,-309
BRDA:718,26,0,218
BRDA:718,26,1,289
BRDA:723,27,0,960
BRDA:723,27,1,5
BRDA:741,28,0,628
BRDA:741,28,1,628
BRDA:758,29,0,628
BRDA:758,29,1,465
BRDA:783,30,0,465
BRDA:783,30,1,463
BRDA:800,31,0,463
BRDA:800,31,1,0
BRDA:801,32,0,2
BRDA:801,32,1,461
BRDA:831,33,0,191
BRDA:831,33,1,44
BRDA:851,34,0,57
BRDA:851,34,1,22
BRDA:853,35,0,248
BRDA:853,35,1,22
BRDA:861,36,0,1
BRDA:861,36,1,21
BRDA:870,37,0,21
BRDA:870,37,1,48
BRDA:874,38,0,48
BRDA:874,38,1,44
BRDA:898,39,0,4
BRDA:898,39,1,4
BRDA:924,40,0,54
BRDA:924,40,1,54
BRDA:943,41,0,54
BRDA:943,41,1,54
BRDA:989,42,0,323
BRDA:989,42,1,39
BRDA:1009,43,0,39
BRDA:1009,43,1,39
BRDA:1015,44,0,39
BRDA:1015,44,1,37
BRDA:1033,45,0,38
BRDA:1033,45,1,105
BRDA:1066,46,0,160
BRDA:1066,46,1,150
BRDA:1092,47,0,0
BRDA:1092,47,1,0
BRDA:1120,48,0,0
BRDA:1120,48,1,0
BRF:96
BRH:71
end_of_record
